\BOOKMARK [0][-]{Doc-Start}{\376\377\000L\000E\000M\000B\000A\000R\000\040\000P\000E\000N\000G\000E\000S\000A\000H\000A\000N}{}% 1
\BOOKMARK [0][-]{Doc-Start}{\376\377\000A\000B\000S\000T\000R\000A\000K}{}% 2
\BOOKMARK [0][-]{Doc-Start}{\376\377\000A\000B\000S\000T\000R\000A\000C\000T}{}% 3
\BOOKMARK [0][-]{Doc-Start}{\376\377\000K\000A\000T\000A\000\040\000P\000E\000N\000G\000A\000N\000T\000A\000R}{}% 4
\BOOKMARK [0][-]{Doc-Start}{\376\377\000U\000C\000A\000P\000A\000N\000\040\000T\000E\000R\000I\000M\000A\000\040\000K\000A\000S\000I\000H}{}% 5
\BOOKMARK [0][-]{Doc-Start}{\376\377\000D\000A\000F\000T\000A\000R\000\040\000I\000S\000I}{}% 6
\BOOKMARK [0][-]{Doc-Start}{\376\377\000D\000A\000F\000T\000A\000R\000\040\000G\000A\000M\000B\000A\000R}{}% 7
\BOOKMARK [0][-]{Doc-Start}{\376\377\000D\000A\000F\000T\000A\000R\000\040\000T\000A\000B\000E\000L}{}% 8
\BOOKMARK [0][-]{Doc-Start}{\376\377\000D\000A\000F\000T\000A\000R\000\040\000S\000I\000N\000G\000K\000A\000T\000A\000N}{}% 9
\BOOKMARK [0][-]{chapter.1}{\376\377\000P\000E\000N\000D\000A\000H\000U\000L\000U\000A\000N}{}% 10
\BOOKMARK [1][-]{section.1.1}{\376\377\000L\000a\000t\000a\000r\000\040\000B\000e\000l\000a\000k\000a\000n\000g\000\040\000M\000a\000s\000a\000l\000a\000h}{chapter.1}% 11
\BOOKMARK [1][-]{section.1.2}{\376\377\000R\000u\000m\000u\000s\000a\000n\000\040\000M\000a\000s\000a\000l\000a\000h}{chapter.1}% 12
\BOOKMARK [1][-]{section.1.3}{\376\377\000T\000u\000j\000u\000a\000n\000\040\000d\000a\000n\000\040\000M\000a\000n\000f\000a\000a\000t}{chapter.1}% 13
\BOOKMARK [1][-]{section.1.4}{\376\377\000B\000a\000t\000a\000s\000a\000n\000\040\000M\000a\000s\000a\000l\000a\000h}{chapter.1}% 14
\BOOKMARK [1][-]{section.1.5}{\376\377\000M\000e\000t\000o\000d\000e\000\040\000P\000e\000n\000e\000l\000i\000t\000i\000a\000n}{chapter.1}% 15
\BOOKMARK [1][-]{section.1.6}{\376\377\000J\000a\000d\000w\000a\000l\000\040\000P\000e\000l\000a\000k\000s\000a\000n\000a\000a\000n}{chapter.1}% 16
\BOOKMARK [1][-]{section.1.7}{\376\377\000S\000i\000s\000t\000e\000m\000a\000t\000i\000k\000a\000\040\000P\000e\000n\000u\000l\000i\000s\000a\000n}{chapter.1}% 17
\BOOKMARK [0][-]{chapter.2}{\376\377\000T\000I\000N\000J\000A\000U\000A\000N\000\040\000P\000U\000S\000T\000A\000K\000A\000\040\000D\000A\000N\000\040\000K\000O\000N\000S\000E\000P\000\040\000D\000A\000S\000A\000R\000\040\000S\000I\000S\000T\000E\000M}{}% 18
\BOOKMARK [1][-]{section.2.1}{\376\377\000P\000r\000i\000n\000s\000i\000p\000\040\000K\000e\000r\000j\000a\000\040\000S\000i\000s\000t\000e\000m}{chapter.2}% 19
\BOOKMARK [1][-]{section.2.2}{\376\377\000R\000i\000s\000e\000t\000\040\000T\000e\000r\000k\000a\000i\000t}{chapter.2}% 20
\BOOKMARK [1][-]{section.2.3}{\376\377\000U\000n\000m\000a\000n\000n\000e\000d\000\040\000A\000e\000r\000i\000a\000l\000\040\000V\000e\000h\000i\000c\000l\000e\000s}{chapter.2}% 21
\BOOKMARK [1][-]{section.2.4}{\376\377\000Q\000u\000a\000d\000c\000o\000p\000t\000e\000r}{chapter.2}% 22
\BOOKMARK [1][-]{section.2.5}{\376\377\000E\000S\000P\0003\0002}{chapter.2}% 23
\BOOKMARK [1][-]{section.2.6}{\376\377\000P\000a\000i\000n\000l\000e\000s\000s\000M\000e\000s\000h}{chapter.2}% 24
