This is pdfTeX, Version 3.141592653-2.6-1.40.24 (TeX Live 2022/Arch Linux) (preloaded format=pdflatex 2022.6.21)  30 AUG 2022 18:22
entering extended mode
 restricted \write18 enabled.
 %&-line parsing enabled.
**main.tex
(./main.tex
LaTeX2e <2021-11-15> patch level 1
L3 programming layer <2022-04-10>
(/usr/share/texmf-dist/tex/latex/base/book.cls
Document Class: book 2021/10/04 v1.4n Standard LaTeX document class
(/usr/share/texmf-dist/tex/latex/base/bk12.clo
File: bk12.clo 2021/10/04 v1.4n Standard LaTeX file (size option)
)
\c@part=\count185
\c@chapter=\count186
\c@section=\count187
\c@subsection=\count188
\c@subsubsection=\count189
\c@paragraph=\count190
\c@subparagraph=\count191
\c@figure=\count192
\c@table=\count193
\abovecaptionskip=\skip47
\belowcaptionskip=\skip48
\bibindent=\dimen138
) (./src/config.tex
(/usr/share/texmf-dist/tex/latex/tools/array.sty
Package: array 2021/10/04 v2.5f Tabular extension package (FMi)
\col@sep=\dimen139
\ar@mcellbox=\box50
\extrarowheight=\dimen140
\NC@list=\toks16
\extratabsurround=\skip49
\backup@length=\skip50
\ar@cellbox=\box51
)
(/usr/share/texmf-dist/tex/generic/babel/babel.sty
Package: babel 2022/02/26 3.73 The Babel package
\babel@savecnt=\count194
\U@D=\dimen141
\l@unhyphenated=\language87

(/usr/share/texmf-dist/tex/generic/babel/txtbabel.def)
\bbl@readstream=\read2
\bbl@dirlevel=\count195

(/usr/local/share/texmf/tex/generic/babel-indonesian/indonesian.ldf
Language: indonesian 2017/02/15 v1.0m Bahasa Indonesia support from the babel s
ystem
))
(/usr/share/texmf-dist/tex/latex/amsmath/amsmath.sty
Package: amsmath 2021/10/15 v2.17l AMS math features
\@mathmargin=\skip51

For additional information on amsmath, use the `?' option.
(/usr/share/texmf-dist/tex/latex/amsmath/amstext.sty
Package: amstext 2021/08/26 v2.01 AMS text

(/usr/share/texmf-dist/tex/latex/amsmath/amsgen.sty
File: amsgen.sty 1999/11/30 v2.0 generic functions
\@emptytoks=\toks17
\ex@=\dimen142
))
(/usr/share/texmf-dist/tex/latex/amsmath/amsbsy.sty
Package: amsbsy 1999/11/29 v1.2d Bold Symbols
\pmbraise@=\dimen143
)
(/usr/share/texmf-dist/tex/latex/amsmath/amsopn.sty
Package: amsopn 2021/08/26 v2.02 operator names
)
\inf@bad=\count196
LaTeX Info: Redefining \frac on input line 234.
\uproot@=\count197
\leftroot@=\count198
LaTeX Info: Redefining \overline on input line 399.
\classnum@=\count199
\DOTSCASE@=\count266
LaTeX Info: Redefining \ldots on input line 496.
LaTeX Info: Redefining \dots on input line 499.
LaTeX Info: Redefining \cdots on input line 620.
\Mathstrutbox@=\box52
\strutbox@=\box53
\big@size=\dimen144
LaTeX Font Info:    Redeclaring font encoding OML on input line 743.
LaTeX Font Info:    Redeclaring font encoding OMS on input line 744.
\macc@depth=\count267
\c@MaxMatrixCols=\count268
\dotsspace@=\muskip16
\c@parentequation=\count269
\dspbrk@lvl=\count270
\tag@help=\toks18
\row@=\count271
\column@=\count272
\maxfields@=\count273
\andhelp@=\toks19
\eqnshift@=\dimen145
\alignsep@=\dimen146
\tagshift@=\dimen147
\tagwidth@=\dimen148
\totwidth@=\dimen149
\lineht@=\dimen150
\@envbody=\toks20
\multlinegap=\skip52
\multlinetaggap=\skip53
\mathdisplay@stack=\toks21
LaTeX Info: Redefining \[ on input line 2938.
LaTeX Info: Redefining \] on input line 2939.
)
(/usr/share/texmf-dist/tex/latex/amsfonts/amsfonts.sty
Package: amsfonts 2013/01/14 v3.01 Basic AMSFonts support
\symAMSa=\mathgroup4
\symAMSb=\mathgroup5
LaTeX Font Info:    Redeclaring math symbol \hbar on input line 98.
LaTeX Font Info:    Overwriting math alphabet `\mathfrak' in version `bold'
(Font)                  U/euf/m/n --> U/euf/b/n on input line 106.
)
(/usr/share/texmf-dist/tex/latex/amsfonts/amssymb.sty
Package: amssymb 2013/01/14 v3.01 AMS font symbols
)
(/usr/share/texmf-dist/tex/latex/graphics/graphicx.sty
Package: graphicx 2021/09/16 v1.2d Enhanced LaTeX Graphics (DPC,SPQR)

(/usr/share/texmf-dist/tex/latex/graphics/keyval.sty
Package: keyval 2014/10/28 v1.15 key=value parser (DPC)
\KV@toks@=\toks22
)
(/usr/share/texmf-dist/tex/latex/graphics/graphics.sty
Package: graphics 2021/03/04 v1.4d Standard LaTeX Graphics (DPC,SPQR)

(/usr/share/texmf-dist/tex/latex/graphics/trig.sty
Package: trig 2021/08/11 v1.11 sin cos tan (DPC)
)
(/usr/share/texmf-dist/tex/latex/graphics-cfg/graphics.cfg
File: graphics.cfg 2016/06/04 v1.11 sample graphics configuration
)
Package graphics Info: Driver file: pdftex.def on input line 107.

(/usr/share/texmf-dist/tex/latex/graphics-def/pdftex.def
File: pdftex.def 2020/10/05 v1.2a Graphics/color driver for pdftex
))
\Gin@req@height=\dimen151
\Gin@req@width=\dimen152
)
(/usr/share/texmf-dist/tex/latex/base/fontenc.sty
Package: fontenc 2021/04/29 v2.0v Standard LaTeX package
)
(/usr/share/texmf-dist/tex/latex/pslatex/pslatex.sty
Package: pslatex 2021/01/13 v1.3 pslatex emulation (DPC)
LaTeX Font Info:    Redeclaring symbol font `operators' on input line 66.
LaTeX Font Info:    Overwriting symbol font `operators' in version `normal'
(Font)                  OT1/cmr/m/n --> OT1/ptmcm/m/n on input line 66.
LaTeX Font Info:    Overwriting symbol font `operators' in version `bold'
(Font)                  OT1/cmr/bx/n --> OT1/ptmcm/m/n on input line 66.
LaTeX Font Info:    Redeclaring symbol font `letters' on input line 67.
LaTeX Font Info:    Overwriting symbol font `letters' in version `normal'
(Font)                  OML/cmm/m/it --> OML/ptmcm/m/it on input line 67.
LaTeX Font Info:    Overwriting symbol font `letters' in version `bold'
(Font)                  OML/cmm/b/it --> OML/ptmcm/m/it on input line 67.
LaTeX Font Info:    Redeclaring symbol font `symbols' on input line 68.
LaTeX Font Info:    Overwriting symbol font `symbols' in version `normal'
(Font)                  OMS/cmsy/m/n --> OMS/pzccm/m/n on input line 68.
LaTeX Font Info:    Overwriting symbol font `symbols' in version `bold'
(Font)                  OMS/cmsy/b/n --> OMS/pzccm/m/n on input line 68.
LaTeX Font Info:    Redeclaring symbol font `largesymbols' on input line 69.
LaTeX Font Info:    Overwriting symbol font `largesymbols' in version `normal'
(Font)                  OMX/cmex/m/n --> OMX/psycm/m/n on input line 69.
LaTeX Font Info:    Overwriting symbol font `largesymbols' in version `bold'
(Font)                  OMX/cmex/m/n --> OMX/psycm/m/n on input line 69.
\symbold=\mathgroup6
\symitalic=\mathgroup7
LaTeX Font Info:    Redeclaring math alphabet \mathbf on input line 75.
LaTeX Font Info:    Overwriting math alphabet `\mathbf' in version `normal'
(Font)                  OT1/cmr/bx/n --> OT1/ptm/bx/n on input line 75.
LaTeX Font Info:    Overwriting math alphabet `\mathbf' in version `bold'
(Font)                  OT1/cmr/bx/n --> OT1/ptm/bx/n on input line 75.
LaTeX Font Info:    Redeclaring math alphabet \mathit on input line 76.
LaTeX Font Info:    Overwriting math alphabet `\mathit' in version `normal'
(Font)                  OT1/cmr/m/it --> OT1/ptm/m/it on input line 76.
LaTeX Font Info:    Overwriting math alphabet `\mathit' in version `bold'
(Font)                  OT1/cmr/bx/it --> OT1/ptm/m/it on input line 76.
)
(/usr/share/texmf-dist/tex/latex/hyperref/hyperref.sty
Package: hyperref 2022-02-21 v7.00n Hypertext links for LaTeX

(/usr/share/texmf-dist/tex/generic/ltxcmds/ltxcmds.sty
Package: ltxcmds 2020-05-10 v1.25 LaTeX kernel commands for general use (HO)
)
(/usr/share/texmf-dist/tex/generic/iftex/iftex.sty
Package: iftex 2022/02/03 v1.0f TeX engine tests
)
(/usr/share/texmf-dist/tex/generic/pdftexcmds/pdftexcmds.sty
Package: pdftexcmds 2020-06-27 v0.33 Utility functions of pdfTeX for LuaTeX (HO
)

(/usr/share/texmf-dist/tex/generic/infwarerr/infwarerr.sty
Package: infwarerr 2019/12/03 v1.5 Providing info/warning/error messages (HO)
)
Package pdftexcmds Info: \pdf@primitive is available.
Package pdftexcmds Info: \pdf@ifprimitive is available.
Package pdftexcmds Info: \pdfdraftmode found.
)
(/usr/share/texmf-dist/tex/generic/kvsetkeys/kvsetkeys.sty
Package: kvsetkeys 2019/12/15 v1.18 Key value parser (HO)
)
(/usr/share/texmf-dist/tex/generic/kvdefinekeys/kvdefinekeys.sty
Package: kvdefinekeys 2019-12-19 v1.6 Define keys (HO)
)
(/usr/share/texmf-dist/tex/generic/pdfescape/pdfescape.sty
Package: pdfescape 2019/12/09 v1.15 Implements pdfTeX's escape features (HO)
)
(/usr/share/texmf-dist/tex/latex/hycolor/hycolor.sty
Package: hycolor 2020-01-27 v1.10 Color options for hyperref/bookmark (HO)
)
(/usr/share/texmf-dist/tex/latex/letltxmacro/letltxmacro.sty
Package: letltxmacro 2019/12/03 v1.6 Let assignment for LaTeX macros (HO)
)
(/usr/share/texmf-dist/tex/latex/auxhook/auxhook.sty
Package: auxhook 2019-12-17 v1.6 Hooks for auxiliary files (HO)
)
(/usr/share/texmf-dist/tex/latex/kvoptions/kvoptions.sty
Package: kvoptions 2020-10-07 v3.14 Key value format for package options (HO)
)
\@linkdim=\dimen153
\Hy@linkcounter=\count274
\Hy@pagecounter=\count275

(/usr/share/texmf-dist/tex/latex/hyperref/pd1enc.def
File: pd1enc.def 2022-02-21 v7.00n Hyperref: PDFDocEncoding definition (HO)
Now handling font encoding PD1 ...
... no UTF-8 mapping file for font encoding PD1
)
(/usr/share/texmf-dist/tex/generic/intcalc/intcalc.sty
Package: intcalc 2019/12/15 v1.3 Expandable calculations with integers (HO)
)
(/usr/share/texmf-dist/tex/generic/etexcmds/etexcmds.sty
Package: etexcmds 2019/12/15 v1.7 Avoid name clashes with e-TeX commands (HO)
)
\Hy@SavedSpaceFactor=\count276

(/usr/share/texmf-dist/tex/latex/hyperref/puenc.def
File: puenc.def 2022-02-21 v7.00n Hyperref: PDF Unicode definition (HO)
Now handling font encoding PU ...
... no UTF-8 mapping file for font encoding PU
)
Package hyperref Info: Hyper figures OFF on input line 4137.
Package hyperref Info: Link nesting OFF on input line 4142.
Package hyperref Info: Hyper index ON on input line 4145.
Package hyperref Info: Plain pages OFF on input line 4152.
Package hyperref Info: Backreferencing OFF on input line 4157.
Package hyperref Info: Implicit mode ON; LaTeX internals redefined.
Package hyperref Info: Bookmarks ON on input line 4390.
\c@Hy@tempcnt=\count277

(/usr/share/texmf-dist/tex/latex/url/url.sty
\Urlmuskip=\muskip17
Package: url 2013/09/16  ver 3.4  Verb mode for urls, etc.
)
LaTeX Info: Redefining \url on input line 4749.
\XeTeXLinkMargin=\dimen154

(/usr/share/texmf-dist/tex/generic/bitset/bitset.sty
Package: bitset 2019/12/09 v1.3 Handle bit-vector datatype (HO)

(/usr/share/texmf-dist/tex/generic/bigintcalc/bigintcalc.sty
Package: bigintcalc 2019/12/15 v1.5 Expandable calculations on big integers (HO
)
))
\Fld@menulength=\count278
\Field@Width=\dimen155
\Fld@charsize=\dimen156
Package hyperref Info: Hyper figures OFF on input line 6027.
Package hyperref Info: Link nesting OFF on input line 6032.
Package hyperref Info: Hyper index ON on input line 6035.
Package hyperref Info: backreferencing OFF on input line 6042.
Package hyperref Info: Link coloring OFF on input line 6047.
Package hyperref Info: Link coloring with OCG OFF on input line 6052.
Package hyperref Info: PDF/A mode OFF on input line 6057.
LaTeX Info: Redefining \ref on input line 6097.
LaTeX Info: Redefining \pageref on input line 6101.

(/usr/share/texmf-dist/tex/latex/base/atbegshi-ltx.sty
Package: atbegshi-ltx 2021/01/10 v1.0c Emulation of the original atbegshi
package with kernel methods
)
\Hy@abspage=\count279
\c@Item=\count280
\c@Hfootnote=\count281
)
Package hyperref Info: Driver (autodetected): hpdftex.

(/usr/share/texmf-dist/tex/latex/hyperref/hpdftex.def
File: hpdftex.def 2022-02-21 v7.00n Hyperref driver for pdfTeX

(/usr/share/texmf-dist/tex/latex/base/atveryend-ltx.sty
Package: atveryend-ltx 2020/08/19 v1.0a Emulation of the original atveryend pac
kage
with kernel methods
)
\Fld@listcount=\count282
\c@bookmark@seq@number=\count283

(/usr/share/texmf-dist/tex/latex/rerunfilecheck/rerunfilecheck.sty
Package: rerunfilecheck 2019/12/05 v1.9 Rerun checks for auxiliary files (HO)

(/usr/share/texmf-dist/tex/generic/uniquecounter/uniquecounter.sty
Package: uniquecounter 2019/12/15 v1.4 Provide unlimited unique counter (HO)
)
Package uniquecounter Info: New unique counter `rerunfilecheck' on input line 2
86.
)
\Hy@SectionHShift=\skip54
)
(/usr/share/texmf-dist/tex/latex/geometry/geometry.sty
Package: geometry 2020/01/02 v5.9 Page Geometry

(/usr/share/texmf-dist/tex/generic/iftex/ifvtex.sty
Package: ifvtex 2019/10/25 v1.7 ifvtex legacy package. Use iftex instead.
)
\Gm@cnth=\count284
\Gm@cntv=\count285
\c@Gm@tempcnt=\count286
\Gm@bindingoffset=\dimen157
\Gm@wd@mp=\dimen158
\Gm@odd@mp=\dimen159
\Gm@even@mp=\dimen160
\Gm@layoutwidth=\dimen161
\Gm@layoutheight=\dimen162
\Gm@layouthoffset=\dimen163
\Gm@layoutvoffset=\dimen164
\Gm@dimlist=\toks23
)
(/usr/share/texmf-dist/tex/latex/biblatex/biblatex.sty
Package: biblatex 2022/02/02 v3.17 programmable bibliographies (PK/MW)

(/usr/share/texmf-dist/tex/latex/etoolbox/etoolbox.sty
Package: etoolbox 2020/10/05 v2.5k e-TeX tools for LaTeX (JAW)
\etb@tempcnta=\count287
)
(/usr/share/texmf-dist/tex/latex/logreq/logreq.sty
Package: logreq 2010/08/04 v1.0 xml request logger
\lrq@indent=\count288

(/usr/share/texmf-dist/tex/latex/logreq/logreq.def
File: logreq.def 2010/08/04 v1.0 logreq spec v1.0
))
(/usr/share/texmf-dist/tex/latex/base/ifthen.sty
Package: ifthen 2020/11/24 v1.1c Standard LaTeX ifthen package (DPC)
)
\c@tabx@nest=\count289
\c@listtotal=\count290
\c@listcount=\count291
\c@liststart=\count292
\c@liststop=\count293
\c@citecount=\count294
\c@citetotal=\count295
\c@multicitecount=\count296
\c@multicitetotal=\count297
\c@instcount=\count298
\c@maxnames=\count299
\c@minnames=\count300
\c@maxitems=\count301
\c@minitems=\count302
\c@citecounter=\count303
\c@maxcitecounter=\count304
\c@savedcitecounter=\count305
\c@uniquelist=\count306
\c@uniquename=\count307
\c@refsection=\count308
\c@refsegment=\count309
\c@maxextratitle=\count310
\c@maxextratitleyear=\count311
\c@maxextraname=\count312
\c@maxextradate=\count313
\c@maxextraalpha=\count314
\c@abbrvpenalty=\count315
\c@highnamepenalty=\count316
\c@lownamepenalty=\count317
\c@maxparens=\count318
\c@parenlevel=\count319
\blx@tempcnta=\count320
\blx@tempcntb=\count321
\blx@tempcntc=\count322
\c@blx@maxsection=\count323
\c@blx@maxsegment@0=\count324
\blx@notetype=\count325
\blx@parenlevel@text=\count326
\blx@parenlevel@foot=\count327
\c@blx@sectionciteorder@0=\count328
\blx@entrysetcounter=\count329
\blx@biblioinstance=\count330
\labelnumberwidth=\skip55
\labelalphawidth=\skip56
\biblabelsep=\skip57
\bibitemsep=\skip58
\bibnamesep=\skip59
\bibinitsep=\skip60
\bibparsep=\skip61
\bibhang=\skip62
\blx@bcfin=\read3
\blx@bcfout=\write3
\blx@langwohyphens=\language88
\c@mincomprange=\count331
\c@maxcomprange=\count332
\c@mincompwidth=\count333
Package biblatex Info: Trying to load biblatex default data model...
Package biblatex Info: ... file 'blx-dm.def' found.

(/usr/share/texmf-dist/tex/latex/biblatex/blx-dm.def
File: blx-dm.def 2022/02/02 v3.17 biblatex localization (PK/MW)
)
Package biblatex Info: Trying to load biblatex style data model...
Package biblatex Info: ... file 'ieee.dbx' not found.
Package biblatex Info: Trying to load biblatex custom data model...
Package biblatex Info: ... file 'biblatex-dm.cfg' not found.
\c@afterword=\count334
\c@savedafterword=\count335
\c@annotator=\count336
\c@savedannotator=\count337
\c@author=\count338
\c@savedauthor=\count339
\c@bookauthor=\count340
\c@savedbookauthor=\count341
\c@commentator=\count342
\c@savedcommentator=\count343
\c@editor=\count344
\c@savededitor=\count345
\c@editora=\count346
\c@savededitora=\count347
\c@editorb=\count348
\c@savededitorb=\count349
\c@editorc=\count350
\c@savededitorc=\count351
\c@foreword=\count352
\c@savedforeword=\count353
\c@holder=\count354
\c@savedholder=\count355
\c@introduction=\count356
\c@savedintroduction=\count357
\c@namea=\count358
\c@savednamea=\count359
\c@nameb=\count360
\c@savednameb=\count361
\c@namec=\count362
\c@savednamec=\count363
\c@translator=\count364
\c@savedtranslator=\count365
\c@shortauthor=\count366
\c@savedshortauthor=\count367
\c@shorteditor=\count368
\c@savedshorteditor=\count369
\c@labelname=\count370
\c@savedlabelname=\count371
\c@institution=\count372
\c@savedinstitution=\count373
\c@lista=\count374
\c@savedlista=\count375
\c@listb=\count376
\c@savedlistb=\count377
\c@listc=\count378
\c@savedlistc=\count379
\c@listd=\count380
\c@savedlistd=\count381
\c@liste=\count382
\c@savedliste=\count383
\c@listf=\count384
\c@savedlistf=\count385
\c@location=\count386
\c@savedlocation=\count387
\c@organization=\count388
\c@savedorganization=\count389
\c@origlocation=\count390
\c@savedoriglocation=\count391
\c@origpublisher=\count392
\c@savedorigpublisher=\count393
\c@publisher=\count394
\c@savedpublisher=\count395
\c@language=\count396
\c@savedlanguage=\count397
\c@origlanguage=\count398
\c@savedoriglanguage=\count399
\c@pageref=\count400
\c@savedpageref=\count401
\shorthandwidth=\skip63
\shortjournalwidth=\skip64
\shortserieswidth=\skip65
\shorttitlewidth=\skip66
\shortauthorwidth=\skip67
\shorteditorwidth=\skip68
\locallabelnumberwidth=\skip69
\locallabelalphawidth=\skip70
\localshorthandwidth=\skip71
\localshortjournalwidth=\skip72
\localshortserieswidth=\skip73
\localshorttitlewidth=\skip74
\localshortauthorwidth=\skip75
\localshorteditorwidth=\skip76
Package biblatex Info: Trying to load compatibility code...
Package biblatex Info: ... file 'blx-compat.def' found.

(/usr/share/texmf-dist/tex/latex/biblatex/blx-compat.def
File: blx-compat.def 2022/02/02 v3.17 biblatex compatibility (PK/MW)
)
Package biblatex Info: Trying to load generic definitions...
Package biblatex Info: ... file 'biblatex.def' found.

(/usr/share/texmf-dist/tex/latex/biblatex/biblatex.def
File: biblatex.def 2022/02/02 v3.17 biblatex compatibility (PK/MW)
\c@textcitecount=\count402
\c@textcitetotal=\count403
\c@textcitemaxnames=\count404
\c@biburlbigbreakpenalty=\count405
\c@biburlbreakpenalty=\count406
\c@biburlnumpenalty=\count407
\c@biburlucpenalty=\count408
\c@biburllcpenalty=\count409
\biburlbigskip=\muskip18
\biburlnumskip=\muskip19
\biburlucskip=\muskip20
\biburllcskip=\muskip21
\c@smartand=\count410
)
Package biblatex Info: Trying to load bibliography style 'ieee'...
Package biblatex Info: ... file 'ieee.bbx' found.

(/usr/share/texmf-dist/tex/latex/biblatex-ieee/ieee.bbx
File: ieee.bbx 2021/12/06 v1.3f biblatex bibliography style
Package biblatex Info: Trying to load bibliography style 'numeric-comp'...
Package biblatex Info: ... file 'numeric-comp.bbx' found.

(/usr/share/texmf-dist/tex/latex/biblatex/bbx/numeric-comp.bbx
File: numeric-comp.bbx 2022/02/02 v3.17 biblatex bibliography style (PK/MW)
Package biblatex Info: Trying to load bibliography style 'numeric'...
Package biblatex Info: ... file 'numeric.bbx' found.

(/usr/share/texmf-dist/tex/latex/biblatex/bbx/numeric.bbx
File: numeric.bbx 2022/02/02 v3.17 biblatex bibliography style (PK/MW)
Package biblatex Info: Trying to load bibliography style 'standard'...
Package biblatex Info: ... file 'standard.bbx' found.

(/usr/share/texmf-dist/tex/latex/biblatex/bbx/standard.bbx
File: standard.bbx 2022/02/02 v3.17 biblatex bibliography style (PK/MW)
\c@bbx:relatedcount=\count411
\c@bbx:relatedtotal=\count412
))))
Package biblatex Info: Trying to load citation style 'ieee'...
Package biblatex Info: ... file 'ieee.cbx' found.

(/usr/share/texmf-dist/tex/latex/biblatex-ieee/ieee.cbx
File: ieee.cbx 2021/12/06 v1.3f biblatex citation style
Package biblatex Info: Trying to load citation style 'numeric-comp'...
Package biblatex Info: ... file 'numeric-comp.cbx' found.

(/usr/share/texmf-dist/tex/latex/biblatex/cbx/numeric-comp.cbx
File: numeric-comp.cbx 2022/02/02 v3.17 biblatex citation style (PK/MW)
\c@cbx@tempcnta=\count413
\c@cbx@tempcntb=\count414
\c@cbx@tempcntc=\count415
\c@cbx@tempcntd=\count416
Package biblatex Info: Redefining '\cite'.
Package biblatex Info: Redefining '\parencite'.
Package biblatex Info: Redefining '\footcite'.
Package biblatex Info: Redefining '\footcitetext'.
Package biblatex Info: Redefining '\smartcite'.
Package biblatex Info: Redefining '\supercite'.
Package biblatex Info: Redefining '\textcite'.
Package biblatex Info: Redefining '\textcites'.
Package biblatex Info: Redefining '\cites'.
Package biblatex Info: Redefining '\parencites'.
Package biblatex Info: Redefining '\smartcites'.
)
Package biblatex Info: Redefining '\cite'.
Package biblatex Info: Redefining '\supercite'.
Package biblatex Info: Redefining '\cites'.
)
Package biblatex Info: Trying to load configuration file...
Package biblatex Info: ... file 'biblatex.cfg' found.

(/usr/share/texmf-dist/tex/latex/biblatex/biblatex.cfg
File: biblatex.cfg 
)
Package biblatex Info: Input encoding 'utf8' detected.
Package biblatex Info: Document encoding is UTF8 ....

(/usr/share/texmf-dist/tex/latex/l3kernel/expl3.sty
Package: expl3 2022-04-10 L3 programming layer (loader) 

(/usr/share/texmf-dist/tex/latex/l3backend/l3backend-pdftex.def
File: l3backend-pdftex.def 2022-04-14 L3 backend support: PDF output (pdfTeX)
\l__color_backend_stack_int=\count417
\l__pdf_internal_box=\box54
))
Package biblatex Info: ... and expl3
(biblatex)             2022-04-10 L3 programming layer (loader) 
(biblatex)             is new enough (at least 2020/04/06),
(biblatex)             setting 'casechanger=expl3'.

(/usr/share/texmf-dist/tex/latex/biblatex/blx-case-expl3.sty
(/usr/share/texmf-dist/tex/latex/l3packages/xparse/xparse.sty
Package: xparse 2022-01-12 L3 Experimental document command parser
)
Package: blx-case-expl3 2022/02/02 v3.17 expl3 case changing code for biblatex
))
(/usr/share/texmf-dist/tex/latex/csquotes/csquotes.sty
Package: csquotes 2021-02-22 v5.2l context-sensitive quotations (JAW)
\csq@reset=\count418
\csq@gtype=\count419
\csq@glevel=\count420
\csq@qlevel=\count421
\csq@maxlvl=\count422
\csq@tshold=\count423
\csq@ltx@everypar=\toks24

(/usr/share/texmf-dist/tex/latex/csquotes/csquotes.def
File: csquotes.def 2021-02-22 v5.2l csquotes generic definitions (JAW)
)
Package csquotes Info: Trying to load configuration file 'csquotes.cfg'...
Package csquotes Info: ... configuration file loaded successfully.

(/usr/share/texmf-dist/tex/latex/csquotes/csquotes.cfg
File: csquotes.cfg 
))
(/usr/share/texmf-dist/tex/latex/fancyhdr/fancyhdr.sty
Package: fancyhdr 2021/01/28 v4.0.1 Extensive control of page headers and foote
rs
\f@nch@headwidth=\skip77
\f@nch@O@elh=\skip78
\f@nch@O@erh=\skip79
\f@nch@O@olh=\skip80
\f@nch@O@orh=\skip81
\f@nch@O@elf=\skip82
\f@nch@O@erf=\skip83
\f@nch@O@olf=\skip84
\f@nch@O@orf=\skip85
)
(/usr/share/texmf-dist/tex/latex/tools/longtable.sty
Package: longtable 2021-09-01 v4.17 Multi-page Table package (DPC)
\LTleft=\skip86
\LTright=\skip87
\LTpre=\skip88
\LTpost=\skip89
\LTchunksize=\count424
\LTcapwidth=\dimen165
\LT@head=\box55
\LT@firsthead=\box56
\LT@foot=\box57
\LT@lastfoot=\box58
\LT@gbox=\box59
\LT@cols=\count425
\LT@rows=\count426
\c@LT@tables=\count427
\c@LT@chunks=\count428
\LT@p@ftn=\toks25
)
(/usr/share/texmf-dist/tex/latex/caption/caption.sty
Package: caption 2022/03/01 v3.6b Customizing captions (AR)

(/usr/share/texmf-dist/tex/latex/caption/caption3.sty
Package: caption3 2022/03/17 v2.3b caption3 kernel (AR)
\caption@tempdima=\dimen166
\captionmargin=\dimen167
\caption@leftmargin=\dimen168
\caption@rightmargin=\dimen169
\caption@width=\dimen170
\caption@indent=\dimen171
\caption@parindent=\dimen172
\caption@hangindent=\dimen173
Package caption Info: Standard document class detected.
)
\c@caption@flags=\count429
\c@continuedfloat=\count430
Package caption Info: hyperref package is loaded.
Package caption Info: longtable package is loaded.

(/usr/share/texmf-dist/tex/latex/caption/ltcaption.sty
Package: ltcaption 2021/01/08 v1.4c longtable captions (AR)
))
(/usr/share/texmf-dist/tex/latex/setspace/setspace.sty
Package: setspace 2011/12/19 v6.7a set line spacing
)
(/usr/share/texmf-dist/tex/latex/fncychap/fncychap.sty
Package: fncychap 2007/07/30 v1.34 LaTeX package (Revised chapters)
\RW=\skip90
\mylen=\skip91
\myhi=\skip92
\px=\skip93
\py=\skip94
\pyy=\skip95
\pxx=\skip96


Package fancychapter Warning: unknown style option on input line 647.

) (/usr/share/texmf-dist/tex/latex/titlesec/titlesec.sty
Package: titlesec 2021/07/05 v2.14 Sectioning titles
\ttl@box=\box60
\beforetitleunit=\skip97
\aftertitleunit=\skip98
\ttl@plus=\dimen174
\ttl@minus=\dimen175
\ttl@toksa=\toks26
\titlewidth=\dimen176
\titlewidthlast=\dimen177
\titlewidthfirst=\dimen178
)
(/usr/share/texmf-dist/tex/latex/tocloft/tocloft.sty
Package: tocloft 2017/08/31 v2.3i parameterised ToC, etc., typesetting
Package tocloft Info: The document has chapter divisions on input line 51.
\cftparskip=\skip99
\cftbeforetoctitleskip=\skip100
\cftaftertoctitleskip=\skip101
\cftbeforepartskip=\skip102
\cftpartnumwidth=\skip103
\cftpartindent=\skip104
\cftbeforechapskip=\skip105
\cftchapindent=\skip106
\cftchapnumwidth=\skip107
\cftbeforesecskip=\skip108
\cftsecindent=\skip109
\cftsecnumwidth=\skip110
\cftbeforesubsecskip=\skip111
\cftsubsecindent=\skip112
\cftsubsecnumwidth=\skip113
\cftbeforesubsubsecskip=\skip114
\cftsubsubsecindent=\skip115
\cftsubsubsecnumwidth=\skip116
\cftbeforeparaskip=\skip117
\cftparaindent=\skip118
\cftparanumwidth=\skip119
\cftbeforesubparaskip=\skip120
\cftsubparaindent=\skip121
\cftsubparanumwidth=\skip122
\cftbeforeloftitleskip=\skip123
\cftafterloftitleskip=\skip124
\cftbeforefigskip=\skip125
\cftfigindent=\skip126
\cftfignumwidth=\skip127
\c@lofdepth=\count431
\c@lotdepth=\count432
\cftbeforelottitleskip=\skip128
\cftafterlottitleskip=\skip129
\cftbeforetabskip=\skip130
\cfttabindent=\skip131
\cfttabnumwidth=\skip132
)
(/usr/share/texmf-dist/tex/latex/enumitem/enumitem.sty
Package: enumitem 2019/06/20 v3.9 Customized lists
\labelindent=\skip133
\enit@outerparindent=\dimen179
\enit@toks=\toks27
\enit@inbox=\box61
\enit@count@id=\count433
\enitdp@description=\count434
)
(/usr/share/texmf-dist/tex/latex/tools/indentfirst.sty
Package: indentfirst 1995/11/23 v1.03 Indent first paragraph (DPC)
)
(/usr/share/texmf-dist/tex/latex/float/float.sty
Package: float 2001/11/08 v1.3d Float enhancements (AL)
\c@float@type=\count435
\float@exts=\toks28
\float@box=\box62
\@float@everytoks=\toks29
\@floatcapt=\box63
)
(/usr/share/texmf-dist/tex/latex/adjustbox/adjustbox.sty
Package: adjustbox 2020/08/19 v1.3 Adjusting TeX boxes (trim, clip, ...)

(/usr/share/texmf-dist/tex/latex/xkeyval/xkeyval.sty
Package: xkeyval 2020/11/20 v2.8 package option processing (HA)

(/usr/share/texmf-dist/tex/generic/xkeyval/xkeyval.tex
(/usr/share/texmf-dist/tex/generic/xkeyval/xkvutils.tex
\XKV@toks=\toks30
\XKV@tempa@toks=\toks31
)
\XKV@depth=\count436
File: xkeyval.tex 2014/12/03 v2.7a key=value parser (HA)
))
(/usr/share/texmf-dist/tex/latex/adjustbox/adjcalc.sty
Package: adjcalc 2012/05/16 v1.1 Provides advanced setlength with multiple back
-ends (calc, etex, pgfmath)
)
(/usr/share/texmf-dist/tex/latex/adjustbox/trimclip.sty
Package: trimclip 2020/08/19 v1.2 Trim and clip general TeX material

(/usr/share/texmf-dist/tex/latex/collectbox/collectbox.sty
Package: collectbox 2012/05/17 v0.4b Collect macro arguments as boxes
\collectedbox=\box64
)
\tc@llx=\dimen180
\tc@lly=\dimen181
\tc@urx=\dimen182
\tc@ury=\dimen183
Package trimclip Info: Using driver 'tc-pdftex.def'.

(/usr/share/texmf-dist/tex/latex/adjustbox/tc-pdftex.def
File: tc-pdftex.def 2019/01/04 v2.2 Clipping driver for pdftex
))
\adjbox@Width=\dimen184
\adjbox@Height=\dimen185
\adjbox@Depth=\dimen186
\adjbox@Totalheight=\dimen187
\adjbox@pwidth=\dimen188
\adjbox@pheight=\dimen189
\adjbox@pdepth=\dimen190
\adjbox@ptotalheight=\dimen191

(/usr/share/texmf-dist/tex/latex/ifoddpage/ifoddpage.sty
Package: ifoddpage 2016/04/23 v1.1 Conditionals for odd/even page detection
\c@checkoddpage=\count437
)
(/usr/share/texmf-dist/tex/latex/varwidth/varwidth.sty
Package: varwidth 2009/03/30 ver 0.92;  Variable-width minipages
\@vwid@box=\box65
\sift@deathcycles=\count438
\@vwid@loff=\dimen192
\@vwid@roff=\dimen193
))
(/usr/share/texmf-dist/tex/latex/multirow/multirow.sty
Package: multirow 2021/03/15 v2.8 Span multiple rows of a table
\multirow@colwidth=\skip134
\multirow@cntb=\count439
\multirow@dima=\skip135
\bigstrutjot=\dimen194
))
Package csquotes Info: Checking for multilingual support...
Package csquotes Info: ... found 'babel' package.
Package csquotes Info: Adjusting default style.


Package csquotes Warning: No style for language 'indonesian'.
(csquotes)                Using fallback style on input line 20.

Package csquotes Info: Redefining alias 'default' -> 'fallback'.
(./main.aux (./src/cover.aux) (./src/pengesahan.aux) (./src/orisinalitas.aux)
(./src/abstrak.aux) (./src/abstract.aux) (./src/katapengantar.aux)
(./src/ucapanterimakasih.aux) (./src/daftarisi.aux) (./src/daftargambar.aux)
(./src/daftartabel.aux) (./src/daftarsingkatan.aux) (./src/bab1.aux)
(./src/bab2new.aux) (./src/bab3.aux) (./src/bab4.aux) (./src/bab5.aux))
\openout1 = `main.aux'.

LaTeX Font Info:    Checking defaults for OML/cmm/m/it on input line 20.
LaTeX Font Info:    ... okay on input line 20.
LaTeX Font Info:    Checking defaults for OMS/pzccm/m/n on input line 20.
LaTeX Font Info:    Trying to load font information for OMS+pzccm on input line
 20.

(/usr/share/texmf-dist/tex/latex/psnfss/omspzccm.fd
File: omspzccm.fd 2000/01/03 Fontinst v1.801 font definitions for OMS/pzccm.
)
LaTeX Font Info:    ... okay on input line 20.
LaTeX Font Info:    Checking defaults for OT1/cmr/m/n on input line 20.
LaTeX Font Info:    ... okay on input line 20.
LaTeX Font Info:    Checking defaults for T1/cmr/m/n on input line 20.
LaTeX Font Info:    ... okay on input line 20.
LaTeX Font Info:    Checking defaults for TS1/cmr/m/n on input line 20.
LaTeX Font Info:    ... okay on input line 20.
LaTeX Font Info:    Checking defaults for OMX/cmex/m/n on input line 20.
LaTeX Font Info:    ... okay on input line 20.
LaTeX Font Info:    Checking defaults for U/cmr/m/n on input line 20.
LaTeX Font Info:    ... okay on input line 20.
LaTeX Font Info:    Checking defaults for PD1/pdf/m/n on input line 20.
LaTeX Font Info:    ... okay on input line 20.
LaTeX Font Info:    Checking defaults for PU/pdf/m/n on input line 20.
LaTeX Font Info:    ... okay on input line 20.

(/usr/share/texmf-dist/tex/context/base/mkii/supp-pdf.mkii
[Loading MPS to PDF converter (version 2006.09.02).]
\scratchcounter=\count440
\scratchdimen=\dimen195
\scratchbox=\box66
\nofMPsegments=\count441
\nofMParguments=\count442
\everyMPshowfont=\toks32
\MPscratchCnt=\count443
\MPscratchDim=\dimen196
\MPnumerator=\count444
\makeMPintoPDFobject=\count445
\everyMPtoPDFconversion=\toks33
) (/usr/share/texmf-dist/tex/latex/epstopdf-pkg/epstopdf-base.sty
Package: epstopdf-base 2020-01-24 v2.11 Base part for package epstopdf
Package epstopdf-base Info: Redefining graphics rule for `.eps' on input line 4
85.

(/usr/share/texmf-dist/tex/latex/latexconfig/epstopdf-sys.cfg
File: epstopdf-sys.cfg 2010/07/13 v1.3 Configuration of (r)epstopdf for TeX Liv
e
))
Package hyperref Info: Link coloring OFF on input line 20.

(/usr/share/texmf-dist/tex/latex/hyperref/nameref.sty
Package: nameref 2021-04-02 v2.47 Cross-referencing by name of section

(/usr/share/texmf-dist/tex/latex/refcount/refcount.sty
Package: refcount 2019/12/15 v3.6 Data extraction from label references (HO)
)
(/usr/share/texmf-dist/tex/generic/gettitlestring/gettitlestring.sty
Package: gettitlestring 2019/12/15 v1.6 Cleanup title references (HO)
)
\c@section@level=\count446
)
LaTeX Info: Redefining \ref on input line 20.
LaTeX Info: Redefining \pageref on input line 20.
LaTeX Info: Redefining \nameref on input line 20.

(./main.out) (./main.out)
\@outlinefile=\write4
\openout4 = `main.out'.


*geometry* driver: auto-detecting
*geometry* detected driver: pdftex
*geometry* verbose mode - [ preamble ] result:
* driver: pdftex
* paper: a4paper
* layout: <same size as paper>
* layoutoffset:(h,v)=(0.0pt,0.0pt)
* modes: 
* h-part:(L,W,R)=(113.81102pt, 398.3386pt, 85.35826pt)
* v-part:(T,H,B)=(85.35826pt, 674.33032pt, 85.35826pt)
* \paperwidth=597.50787pt
* \paperheight=845.04684pt
* \textwidth=398.3386pt
* \textheight=674.33032pt
* \oddsidemargin=41.54103pt
* \evensidemargin=41.54103pt
* \topmargin=-18.78552pt
* \headheight=12.0pt
* \headsep=19.8738pt
* \topskip=12.0pt
* \footskip=30.0pt
* \marginparwidth=38.0pt
* \marginparsep=7.0pt
* \columnsep=10.0pt
* \skip\footins=10.8pt plus 4.0pt minus 2.0pt
* \hoffset=0.0pt
* \voffset=0.0pt
* \mag=1000
* \@twocolumnfalse
* \@twosidefalse
* \@mparswitchfalse
* \@reversemarginfalse
* (1in=72.27pt=25.4mm, 1cm=28.453pt)

Package biblatex Info: Trying to load language 'indonesian'...
Package biblatex Info: ... file 'indonesian.lbx' not found.

Package biblatex Warning: Language 'indonesian' not supported.
(biblatex)                Using dummy definitions on input line 20.

Package biblatex Info: Trying to load language 'english'...
Package biblatex Info: ... file 'english.lbx' found.
(/usr/share/texmf-dist/tex/latex/biblatex/lbx/english.lbx
File: english.lbx 2022/02/02 v3.17 biblatex localization (PK/MW)
)
Package biblatex Info: Input encoding 'utf8' detected.
Package biblatex Info: Automatic encoding selection.
(biblatex)             Assuming data encoding 'utf8'.
\openout3 = `main.bcf'.

Package biblatex Info: Trying to load bibliographic data...
Package biblatex Info: ... file 'main.bbl' found.
 (./main.bbl)
Package biblatex Info: Reference section=0 on input line 20.
Package biblatex Info: Reference segment=0 on input line 20.
Package caption Info: Begin \AtBeginDocument code.
Package caption Info: float package is loaded.
Package caption Info: End \AtBeginDocument code.
\openout2 = `./src/cover.aux'.


(./src/cover.tex
<./assets/logotelu.png, id=269, 398.142pt x 483.2235pt>
File: ./assets/logotelu.png Graphic file (type png)
<use ./assets/logotelu.png>
Package pdftex.def Info: ./assets/logotelu.png  used on input line 23.
(pdftex.def)             Requested size: 131.38725pt x 159.46425pt.
 [1



{/var/lib/texmf/fonts/map/pdftex/updmap/pdftex.map} <./assets/logotelu.png>])
\openout2 = `./src/pengesahan.aux'.

 (./src/pengesahan.tex
LaTeX Font Info:    Trying to load font information for OT1+ptmcm on input line
 34.

(/usr/share/texmf-dist/tex/latex/psnfss/ot1ptmcm.fd
File: ot1ptmcm.fd 2000/01/03 Fontinst v1.801 font definitions for OT1/ptmcm.
)
LaTeX Font Info:    Trying to load font information for OML+ptmcm on input line
 34.

(/usr/share/texmf-dist/tex/latex/psnfss/omlptmcm.fd
File: omlptmcm.fd 2000/01/03 Fontinst v1.801 font definitions for OML/ptmcm.
)
LaTeX Font Info:    Trying to load font information for OMX+psycm on input line
 34.

(/usr/share/texmf-dist/tex/latex/psnfss/omxpsycm.fd
File: omxpsycm.fd 2000/01/03 Fontinst v1.801 font definitions for OMX/psycm.
)
LaTeX Font Info:    Trying to load font information for U+msa on input line 34.


(/usr/share/texmf-dist/tex/latex/amsfonts/umsa.fd
File: umsa.fd 2013/01/14 v3.01 AMS symbols A
)
LaTeX Font Info:    Trying to load font information for U+msb on input line 34.


(/usr/share/texmf-dist/tex/latex/amsfonts/umsb.fd
File: umsb.fd 2013/01/14 v3.01 AMS symbols B
)
LaTeX Font Info:    Font shape `OT1/ptm/bx/n' in size <12> not available
(Font)              Font shape `OT1/ptm/b/n' tried instead on input line 34.
LaTeX Font Info:    Font shape `OT1/ptm/bx/n' in size <9> not available
(Font)              Font shape `OT1/ptm/b/n' tried instead on input line 34.
LaTeX Font Info:    Font shape `OT1/ptm/bx/n' in size <7> not available
(Font)              Font shape `OT1/ptm/b/n' tried instead on input line 34.
) [1





]
\openout2 = `./src/orisinalitas.aux'.

 (./src/orisinalitas.tex
Underfull \hbox (badness 10000) in paragraph at lines 14--21

 []

<./assets/PASFOTO.jpg, id=283, 284.5029pt x 426.8748pt>
File: ./assets/PASFOTO.jpg Graphic file (type jpg)
<use ./assets/PASFOTO.jpg>
Package pdftex.def Info: ./assets/PASFOTO.jpg  used on input line 25.
(pdftex.def)             Requested size: 113.79913pt x 170.74689pt.
<./assets/signature.png, id=284, 536.0025pt x 221.82875pt>
File: ./assets/signature.png Graphic file (type png)
<use ./assets/signature.png>
Package pdftex.def Info: ./assets/signature.png  used on input line 30.
(pdftex.def)             Requested size: 160.80199pt x 66.54912pt.
) [2




 <./assets/PASFOTO.jpg> <./assets/signature.png>]
\openout2 = `./src/abstrak.aux'.

 (./src/abstrak.tex)
[3




]
\openout2 = `./src/abstract.aux'.

 (./src/abstract.tex) [4




]
\openout2 = `./src/katapengantar.aux'.

 (./src/katapengantar.tex) [5




]
\openout2 = `./src/ucapanterimakasih.aux'.


(./src/ucapanterimakasih.tex) [6




]
\openout2 = `./src/daftarisi.aux'.

 (./src/daftarisi.tex (./main.toc [7




] [8])
\tf@toc=\write5
\openout5 = `main.toc'.

)
[9]
\openout2 = `./src/daftargambar.aux'.

 (./src/daftargambar.tex (./main.lof
Overfull \hbox (0.23856pt too wide) in paragraph at lines 32--32
 [][] [][]\OT1/ptm/m/n/12 Implementasi \OT1/ptm/m/it/12 Ba-se Sta-tion Re-ce-i-
ver \OT1/ptm/m/n/12 meng-gu-nak-an \OT1/ptm/m/it/12 de-ve-lo-pment bo- 
 []

[10




] [11])
\tf@lof=\write6
\openout6 = `main.lof'.

) [12]
\openout2 = `./src/daftartabel.aux'.

 (./src/daftartabel.tex (./main.lot)
\tf@lot=\write7
\openout7 = `main.lot'.

) [13




]
\openout2 = `./src/daftarsingkatan.aux'.


(./src/daftarsingkatan.tex) [14




]
\openout2 = `./src/bab1.aux'.

 (./src/bab1.tex
Bab I.

pdfTeX warning (ext4): destination with the same identifier (name{page.1}) has 
been already used, duplicate ignored
<to be read again> 
                   \relax 
l.11 
      [1





] [2] [3]

Package caption Warning: The option `hypcap=true' will be ignored for this
(caption)                particular \caption on input line 73.
See the caption package documentation for explanation.


Underfull \hbox (badness 10000) in paragraph at lines 76--76
[]|\OT1/ptm/b/n/12 Tanggal
 []


Underfull \hbox (badness 10000) in paragraph at lines 78--79
[]|\OT1/ptm/m/n/12 Mengidentifikasi per-
 []


Underfull \hbox (badness 10000) in paragraph at lines 78--79
\OT1/ptm/m/n/12 ma-sa-lah-an dan stu-di
 []


Underfull \hbox (badness 2707) in paragraph at lines 80--81
[]|\OT1/ptm/m/n/12 Diagram blok sis-tem,
 []


Underfull \hbox (badness 10000) in paragraph at lines 82--82
[]|\OT1/ptm/m/n/12 5 No-vem-
 []


Underfull \hbox (badness 10000) in paragraph at lines 82--83
[]|\OT1/ptm/m/n/12 Pendataan kom-po-nen
 []


Underfull \hbox (badness 10000) in paragraph at lines 84--84
[]|\OT1/ptm/m/n/12 3 De-sem-
 []


Underfull \hbox (badness 10000) in paragraph at lines 84--85
[]|\OT1/ptm/m/n/12 Implementasi sis-tem
 []


Underfull \hbox (badness 10000) in paragraph at lines 88--88
[]|\OT1/ptm/m/n/12 Penyusunan La-por-
 []


Underfull \hbox (badness 10000) in paragraph at lines 88--88
[]|\OT1/ptm/m/n/12 22 Ju-li
 []


Overfull \hbox (33.94716pt too wide) in paragraph at lines 74--91
 [] 
 []

[4] [5]) [6]
\openout2 = `./src/bab2new.aux'.

 (./src/bab2new.tex
Bab II.
<./assets/IOProses.png, id=649, 683.55376pt x 261.97874pt>
File: ./assets/IOProses.png Graphic file (type png)
<use ./assets/IOProses.png>
Package pdftex.def Info: ./assets/IOProses.png  used on input line 5.
(pdftex.def)             Requested size: 410.13542pt x 157.18845pt.

Overfull \hbox (11.79683pt too wide) in paragraph at lines 5--6
[][] 
 []

[7




 <./assets/IOProses.png>]

Package caption Warning: The option `hypcap=true' will be ignored for this
(caption)                particular \caption on input line 15.
See the caption package documentation for explanation.


Underfull \hbox (badness 1910) in paragraph at lines 20--20
[]|\OT1/ptm/m/n/10 Use of Hi-gh
 []


Underfull \hbox (badness 10000) in paragraph at lines 20--20
\OT1/ptm/m/n/10 Mo-bi-li-ty
 []


Underfull \hbox (badness 10000) in paragraph at lines 20--20
\OT1/ptm/m/n/10 No-des to
 []


Underfull \hbox (badness 10000) in paragraph at lines 20--20
\OT1/ptm/m/n/10 ne-cti-vi-ty in
 []


Overfull \hbox (1.27367pt too wide) in paragraph at lines 20--20
[]|\OT1/ptm/m/n/10 PainlessMesh-
 []


Underfull \hbox (badness 10000) in paragraph at lines 20--20
\OT1/ptm/m/n/10 tu-nis-tic
 []


Underfull \hbox (badness 10000) in paragraph at lines 20--20
\OT1/ptm/m/n/10 Mo-bi-le Ad
 []


Underfull \hbox (badness 10000) in paragraph at lines 20--20
\OT1/ptm/m/n/10 Hoc Ne-
 []


Underfull \hbox (badness 1708) in paragraph at lines 20--20
\OT1/ptm/m/n/10 no-des ber-u-pa
 []


Underfull \hbox (badness 10000) in paragraph at lines 20--20
\OT1/ptm/m/n/10 mes-se-nger
 []


Underfull \hbox (badness 10000) in paragraph at lines 20--20
\OT1/ptm/m/n/10 da-ta an-ta-ra
 []


Underfull \hbox (badness 10000) in paragraph at lines 20--21
[]|\OT1/ptm/m/n/10 Penelitian
 []


Underfull \hbox (badness 10000) in paragraph at lines 20--21
\OT1/ptm/m/n/10 meng-im-ple-
 []


Underfull \hbox (badness 10000) in paragraph at lines 20--21
\OT1/ptm/m/n/10 men-ta-sik-an
 []


Underfull \hbox (badness 1708) in paragraph at lines 20--21
\OT1/ptm/m/n/10 me-to-de se-cu-
 []


Underfull \hbox (badness 10000) in paragraph at lines 20--21
\OT1/ptm/m/n/10 ri-ty ber-ba-sis
 []


Underfull \hbox (badness 10000) in paragraph at lines 20--21
\OT1/ptm/m/n/10 secret-key
 []


Underfull \hbox (badness 10000) in paragraph at lines 20--21
\OT1/ptm/m/n/10 cr-yp-to-gra-phy.
 []


Underfull \hbox (badness 10000) in paragraph at lines 20--21
\OT1/ptm/m/n/10 Pac-ket loss
 []


Underfull \hbox (badness 2564) in paragraph at lines 20--21
\OT1/ptm/m/n/10 an-ta-ra sen-sor
 []


Underfull \hbox (badness 10000) in paragraph at lines 20--21
\OT1/ptm/m/n/10 dan se-rver
 []


Underfull \hbox (badness 10000) in paragraph at lines 20--21
\OT1/ptm/m/n/10 4,48% pa-da
 []


Underfull \hbox (badness 5288) in paragraph at lines 20--21
\OT1/ptm/m/n/10 pac-ket me-le-
 []


Underfull \hbox (badness 6001) in paragraph at lines 21--22
[]|\OT1/ptm/m/n/10 Tidak meng-
 []


Underfull \hbox (badness 1057) in paragraph at lines 21--22
\OT1/ptm/m/n/10 u-ji round-trip
 []


Overfull \hbox (2.43355pt too wide) in paragraph at lines 23--23
[]|\OT1/ptm/m/n/10 [[]10[]]| 
 []


Underfull \hbox (badness 10000) in paragraph at lines 23--23
[]|\OT1/ptm/m/n/10 Performance
 []


Underfull \hbox (badness 10000) in paragraph at lines 23--23
[]|\OT1/ptm/m/n/10 Pengujian
 []


Underfull \hbox (badness 10000) in paragraph at lines 23--23
\OT1/ptm/m/n/10 one-way
 []


Underfull \hbox (badness 10000) in paragraph at lines 23--23
\OT1/ptm/m/n/10 de-lay dan
 []


Underfull \hbox (badness 10000) in paragraph at lines 23--23
\OT1/ptm/m/n/10 da-ta ra-te
 []


Underfull \hbox (badness 10000) in paragraph at lines 23--23
\OT1/ptm/m/n/10 Pa-i-nless-Me-sh
 []


Underfull \hbox (badness 6641) in paragraph at lines 23--23
[]|\OT1/ptm/m/n/10 Jumlah no-de
 []


Underfull \hbox (badness 10000) in paragraph at lines 23--23
\OT1/ptm/m/n/10 ber-ko-re-la-si
 []


Underfull \hbox (badness 10000) in paragraph at lines 23--23
\OT1/ptm/m/n/10 de-ngan me-
 []


Underfull \hbox (badness 10000) in paragraph at lines 23--23
\OT1/ptm/m/n/10 ning-kat-nya
 []


Underfull \hbox (badness 10000) in paragraph at lines 23--23
\OT1/ptm/m/n/10 si-ngle hop
 []


Underfull \hbox (badness 10000) in paragraph at lines 23--23
\OT1/ptm/m/n/10 de-lay dan
 []


Underfull \hbox (badness 10000) in paragraph at lines 23--23
\OT1/ptm/m/n/10 me-nu-run-nya
 []


Underfull \hbox (badness 10000) in paragraph at lines 23--23
\OT1/ptm/m/n/10 sta-bi-li-tas
 []


Underfull \hbox (badness 10000) in paragraph at lines 23--23
\OT1/ptm/m/n/10 me-nen-tuk-an
 []


Underfull \hbox (badness 10000) in paragraph at lines 23--23
[]|\OT1/ptm/m/n/10 Penelitian
 []


Underfull \hbox (badness 6641) in paragraph at lines 23--23
\OT1/ptm/m/n/10 meng-u-ji da-ri
 []


Underfull \hbox (badness 3407) in paragraph at lines 23--23
\OT1/ptm/m/n/10 2 hing-ga 16
 []


Underfull \hbox (badness 4995) in paragraph at lines 23--23
\OT1/ptm/m/n/10 no-de se-hing-
 []


Underfull \hbox (badness 10000) in paragraph at lines 23--23
\OT1/ptm/m/n/10 ga ter-li-hat
 []


Underfull \hbox (badness 10000) in paragraph at lines 23--23
\OT1/ptm/m/n/10 gam-bar-an
 []


Underfull \hbox (badness 10000) in paragraph at lines 23--23
\OT1/ptm/m/n/10 ka-sar sta-bi-
 []


Underfull \hbox (badness 3735) in paragraph at lines 23--23
\OT1/ptm/m/n/10 li-tas ja-ring-an
 []


Underfull \hbox (badness 10000) in paragraph at lines 23--23
\OT1/ptm/m/n/10 Pa-i-nless-Me-
 []


Underfull \hbox (badness 2103) in paragraph at lines 23--23
\OT1/ptm/m/n/10 sh. Ki-ner-ja
 []


Underfull \hbox (badness 10000) in paragraph at lines 23--23
\OT1/ptm/m/n/10 de me-mi-li-ki
 []


Underfull \hbox (badness 10000) in paragraph at lines 23--23
\OT1/ptm/m/n/10 de-lay 2.49
 []


Underfull \hbox (badness 10000) in paragraph at lines 23--23
\OT1/ptm/m/n/10 ms se-hing-ga
 []


Underfull \hbox (badness 10000) in paragraph at lines 23--23
\OT1/ptm/m/n/10 cu-kup un-tuk
 []


Underfull \hbox (badness 1694) in paragraph at lines 23--23
\OT1/ptm/m/n/10 apli-ka-si yang
 []


Underfull \hbox (badness 10000) in paragraph at lines 23--23
\OT1/ptm/m/n/10 ti-dak ter-la-lu
 []


Underfull \hbox (badness 10000) in paragraph at lines 23--24
[]|\OT1/ptm/m/n/10 ESP8266
 []


Underfull \hbox (badness 10000) in paragraph at lines 23--24
\OT1/ptm/m/n/10 ti-dak me-mi-
 []


Underfull \hbox (badness 2547) in paragraph at lines 23--24
\OT1/ptm/m/n/10 li-ki per-for-ma
 []


Underfull \hbox (badness 10000) in paragraph at lines 23--24
\OT1/ptm/m/n/10 yang cu-kup
 []


Underfull \hbox (badness 6641) in paragraph at lines 23--24
\OT1/ptm/m/n/10 un-tuk meng-
 []


Underfull \hbox (badness 10000) in paragraph at lines 23--24
\OT1/ptm/m/n/10 i-rimk-an dan
 []


Underfull \hbox (badness 10000) in paragraph at lines 23--24
\OT1/ptm/m/n/10 me-ne-ri-ma
 []


Underfull \hbox (badness 6675) in paragraph at lines 23--24
\OT1/ptm/m/n/10 pa-ylo-ad da-ta
 []


Underfull \hbox (badness 10000) in paragraph at lines 23--24
\OT1/ptm/m/n/10 yang be-sar.
 []


Underfull \hbox (badness 10000) in paragraph at lines 23--24
\OT1/ptm/m/n/10 Pe-ngu-ji-an
 []


Underfull \hbox (badness 10000) in paragraph at lines 23--24
\OT1/ptm/m/n/10 da-ta ra-te
 []


Underfull \hbox (badness 2547) in paragraph at lines 23--24
\OT1/ptm/m/n/10 di-ba-ta-si pa-da
 []


Overfull \hbox (2.43355pt too wide) in paragraph at lines 25--25
[]|\OT1/ptm/m/n/10 [[]11[]]| 
 []


Underfull \hbox (badness 10000) in paragraph at lines 25--25
[]|\OT1/ptm/m/n/10 Implementing
 []


Underfull \hbox (badness 10000) in paragraph at lines 25--25
\OT1/ptm/m/n/10 sh Ne-twork
 []


Underfull \hbox (badness 10000) in paragraph at lines 25--25
\OT1/ptm/m/n/10 To-po-lo-gy
 []


Underfull \hbox (badness 10000) in paragraph at lines 25--25
\OT1/ptm/m/n/10 Be-twe-en
 []


Underfull \hbox (badness 3281) in paragraph at lines 25--25
\OT1/ptm/m/n/10 Mul-ti-ple Wi-
 []


Underfull \hbox (badness 10000) in paragraph at lines 25--25
\OT1/ptm/m/n/10 Fi Po-we-red
 []


Underfull \hbox (badness 10000) in paragraph at lines 25--25
[]|\OT1/ptm/m/n/10 Penggunaan
 []


Underfull \hbox (badness 10000) in paragraph at lines 25--25
\OT1/ptm/m/n/10 3 no-de Pa-
 []


Underfull \hbox (badness 10000) in paragraph at lines 25--25
\OT1/ptm/m/n/10 i-nless-Me-sh
 []


Underfull \hbox (badness 10000) in paragraph at lines 25--25
\OT1/ptm/m/n/10 ber-ba-sis
 []


Underfull \hbox (badness 2512) in paragraph at lines 25--25
\OT1/ptm/m/n/10 ESP32 un-tuk
 []


Underfull \hbox (badness 10000) in paragraph at lines 25--25
\OT1/ptm/m/n/10 ko-mu-ni-ka-si
 []


Underfull \hbox (badness 10000) in paragraph at lines 25--25
\OT1/ptm/m/n/10 mul-ti-di-re-ctio-
 []


Underfull \hbox (badness 10000) in paragraph at lines 25--25
\OT1/ptm/m/n/10 nal ou-tput
 []


Underfull \hbox (badness 10000) in paragraph at lines 25--25
\OT1/ptm/m/n/10 sen-sor dan
 []


Underfull \hbox (badness 10000) in paragraph at lines 25--25
\OT1/ptm/m/n/10 in-put pu-sh
 []


Underfull \hbox (badness 10000) in paragraph at lines 25--25
\OT1/ptm/m/n/10 self-healing,
 []


Underfull \hbox (badness 10000) in paragraph at lines 25--25
\OT1/ptm/m/n/10 ja-di dis-ru-psi
 []


Underfull \hbox (badness 10000) in paragraph at lines 25--25
\OT1/ptm/m/n/10 ma-ka me-sh
 []


Underfull \hbox (badness 10000) in paragraph at lines 25--25
\OT1/ptm/m/n/10 tis meng-a-tur
 []


Underfull \hbox (badness 10000) in paragraph at lines 25--25
[]|\OT1/ptm/m/n/10 Implementasi
 []


Underfull \hbox (badness 8170) in paragraph at lines 25--25
\OT1/ptm/m/n/10 3 no-de dan
 []


Underfull \hbox (badness 10000) in paragraph at lines 25--25
\OT1/ptm/m/n/10 arah da-ta
 []


Underfull \hbox (badness 10000) in paragraph at lines 25--25
\OT1/ptm/m/n/10 bo-lak ba-lik
 []


Underfull \hbox (badness 10000) in paragraph at lines 25--25
\OT1/ptm/m/n/10 da-pat di-la-
 []


Underfull \hbox (badness 2547) in paragraph at lines 25--26
\OT1/ptm/m/n/10 ngu-ji-an ja-rak
 []


Overfull \hbox (2.43355pt too wide) in paragraph at lines 27--27
[]|\OT1/ptm/m/n/10 [[]12[]]| 
 []


Underfull \hbox (badness 10000) in paragraph at lines 27--27
\OT1/ptm/m/n/10 mo-ni-to-ring
 []


Underfull \hbox (badness 3601) in paragraph at lines 27--27
\OT1/ptm/m/n/10 sys-tem using
 []


Underfull \hbox (badness 10000) in paragraph at lines 27--27
\OT1/ptm/m/n/10 Wi-Fi me-sh
 []


Underfull \hbox (badness 10000) in paragraph at lines 27--27
[]|\OT1/ptm/m/n/10 Implementasi
 []


Underfull \hbox (badness 5726) in paragraph at lines 27--27
\OT1/ptm/m/n/10 9 no-de ber-
 []


Underfull \hbox (badness 10000) in paragraph at lines 27--27
\OT1/ptm/m/n/10 ba-sis ESP32
 []


Underfull \hbox (badness 10000) in paragraph at lines 27--27
\OT1/ptm/m/n/10 dan ESP-
 []


Underfull \hbox (badness 10000) in paragraph at lines 27--27
\OT1/ptm/m/n/10 Mesh un-tuk
 []


Underfull \hbox (badness 10000) in paragraph at lines 27--27
\OT1/ptm/m/n/10 mo-ni-to-ring
 []


Underfull \hbox (badness 10000) in paragraph at lines 27--27
\OT1/ptm/m/n/10 ting-kat de-bu
 []


Underfull \hbox (badness 10000) in paragraph at lines 27--27
\OT1/ptm/m/n/10 pa-da su-a-tu
 []


Underfull \hbox (badness 10000) in paragraph at lines 27--27
\OT1/ptm/m/n/10 de-ngan me-
 []


Underfull \hbox (badness 10000) in paragraph at lines 27--27
\OT1/ptm/m/n/10 a-su-re-ment
 []


Underfull \hbox (badness 10000) in paragraph at lines 27--27
[]|\OT1/ptm/m/n/10 Mesh da-pat
 []


Underfull \hbox (badness 5403) in paragraph at lines 27--27
\OT1/ptm/m/n/10 pa in-te-rven-si
 []


Underfull \hbox (badness 10000) in paragraph at lines 27--27
\OT1/ptm/m/n/10 ma-nu-sia,
 []


Underfull \hbox (badness 10000) in paragraph at lines 27--27
\OT1/ptm/m/n/10 self-healing
 []


Underfull \hbox (badness 10000) in paragraph at lines 27--27
\OT1/ptm/m/n/10 dan auto-
 []


Underfull \hbox (badness 10000) in paragraph at lines 27--28
[]|\OT1/ptm/m/n/10 Jaringan
 []


Underfull \hbox (badness 10000) in paragraph at lines 27--28
\OT1/ptm/m/n/10 me-mi-li-ki
 []


Underfull \hbox (badness 1354) in paragraph at lines 27--28
\OT1/ptm/m/n/10 to-po-lo-gi tree,
 []


Underfull \hbox (badness 10000) in paragraph at lines 27--28
\OT1/ptm/m/n/10 buk-an me-sh
 []


Underfull \hbox (badness 10000) in paragraph at lines 27--28
\OT1/ptm/m/n/10 mur-ni, se-
 []


Underfull \hbox (badness 10000) in paragraph at lines 27--28
\OT1/ptm/m/n/10 hing-ga ji-ka
 []


Underfull \hbox (badness 6825) in paragraph at lines 27--28
\OT1/ptm/m/n/10 ter-ja-di gang-
 []


Underfull \hbox (badness 10000) in paragraph at lines 27--28
\OT1/ptm/m/n/10 gu-an pa-da
 []


Underfull \hbox (badness 10000) in paragraph at lines 27--28
\OT1/ptm/m/n/10 no-de akar
 []


Underfull \hbox (badness 10000) in paragraph at lines 27--28
\OT1/ptm/m/n/10 ma-ka pro-ses
 []


Underfull \hbox (badness 10000) in paragraph at lines 27--28
\OT1/ptm/m/n/10 self-heal
 []

[8]
<./assets/TypesOfUAVs.png, id=666, 677.53125pt x 402.50375pt>
File: ./assets/TypesOfUAVs.png Graphic file (type png)
<use ./assets/TypesOfUAVs.png>
Package pdftex.def Info: ./assets/TypesOfUAVs.png  used on input line 37.
(pdftex.def)             Requested size: 271.00769pt x 160.99864pt.
 [9]
<./assets/MJX.jpg, id=676, 803.0pt x 803.0pt>
File: ./assets/MJX.jpg Graphic file (type jpg)
<use ./assets/MJX.jpg>
Package pdftex.def Info: ./assets/MJX.jpg  used on input line 45.
(pdftex.def)             Requested size: 160.59715pt x 160.59715pt.
 [10 <./assets/TypesOfUAVs.png> <./assets/MJX.jpg>] [11]
<./assets/meshpartial.png, id=695, 562.1pt x 354.32375pt>
File: ./assets/meshpartial.png Graphic file (type png)
<use ./assets/meshpartial.png>
Package pdftex.def Info: ./assets/meshpartial.png  used on input line 75.
(pdftex.def)             Requested size: 281.04932pt x 177.16144pt.


LaTeX Warning: `h' float specifier changed to `ht'.

[12]
<./assets/ESP32.jpg, id=704, 1003.75pt x 1003.75pt>
File: ./assets/ESP32.jpg Graphic file (type jpg)
<use ./assets/ESP32.jpg>
Package pdftex.def Info: ./assets/ESP32.jpg  used on input line 87.
(pdftex.def)             Requested size: 100.38087pt x 100.38087pt.
 [13 <./assets/meshpartial.png> <./assets/ESP32.jpg>]
<./assets/painlessmesh.png, id=711, 497.86pt x 330.23375pt>
File: ./assets/painlessmesh.png Graphic file (type png)
<use ./assets/painlessmesh.png>
Package pdftex.def Info: ./assets/painlessmesh.png  used on input line 98.
(pdftex.def)             Requested size: 248.92938pt x 165.11646pt.
 [14 <./assets/painlessMesh.png (PNG copy)>]
<./assets/PainlessMeshJSON.png, id=719, 322.20375pt x 148.555pt>
File: ./assets/PainlessMeshJSON.png Graphic file (type png)
<use ./assets/PainlessMeshJSON.png>
Package pdftex.def Info: ./assets/PainlessMeshJSON.png  used on input line 116.

(pdftex.def)             Requested size: 161.10147pt x 74.27731pt.
<./assets/NMEASentences.png, id=722, 523.9575pt x 157.33781pt>
File: ./assets/NMEASentences.png Graphic file (type png)
<use ./assets/NMEASentences.png>
Package pdftex.def Info: ./assets/NMEASentences.png  used on input line 132.
(pdftex.def)             Requested size: 261.9781pt x 78.6687pt.
 [15 <./assets/PainlessMeshJSON.png> <./assets/NMEASentences.png (PNG copy)>] [
16]
<./assets/PingTest.png, id=742, 402.50375pt x 332.24126pt>
File: ./assets/PingTest.png Graphic file (type png)
<use ./assets/PingTest.png>
Package pdftex.def Info: ./assets/PingTest.png  used on input line 171.
(pdftex.def)             Requested size: 281.7507pt x 232.56728pt.
) [17 <./assets/PingTest.png>]
\openout2 = `./src/bab3.aux'.

 (./src/bab3.tex
Bab III.
<./assets/DiagramHWNewV2.png, id=748, 1186.4325pt x 613.29124pt>
File: ./assets/DiagramHWNewV2.png Graphic file (type png)
<use ./assets/DiagramHWNewV2.png>
Package pdftex.def Info: ./assets/DiagramHWNewV2.png  used on input line 6.
(pdftex.def)             Requested size: 415.2576pt x 214.65514pt.

Overfull \hbox (16.919pt too wide) in paragraph at lines 6--7
 [][] 
 []

[18




 <./assets/DiagramHWNewV2.png>]
<./assets/DiagramBlokTANew.png, id=758, 758.835pt x 312.16624pt>
File: ./assets/DiagramBlokTANew.png Graphic file (type png)
<use ./assets/DiagramBlokTANew.png>
Package pdftex.def Info: ./assets/DiagramBlokTANew.png  used on input line 26.
(pdftex.def)             Requested size: 379.41658pt x 156.08273pt.
 [19 <./assets/DiagramBlokTANew.png>]
[20]
<./assets/NodeMCU32.jpg, id=775, 647.41875pt x 647.41875pt>
File: ./assets/NodeMCU32.jpg Graphic file (type jpg)
<use ./assets/NodeMCU32.jpg>
Package pdftex.def Info: ./assets/NodeMCU32.jpg  used on input line 53.
(pdftex.def)             Requested size: 258.9629pt x 258.9629pt.


Package caption Warning: The option `hypcap=true' will be ignored for this
(caption)                particular \caption on input line 56.
See the caption package documentation for explanation.


Overfull \hbox (3.7057pt too wide) in paragraph at lines 61--61
[]|\OT1/ptm/m/n/12 Konektivitas| 
 []


Underfull \hbox (badness 10000) in paragraph at lines 65--65
[]|\OT1/ptm/m/n/12 Masukan
 []


Underfull \hbox (badness 10000) in paragraph at lines 67--67
[]|\OT1/ptm/m/n/12 Tegangan
 []


Underfull \hbox (badness 10000) in paragraph at lines 69--69
[]|\OT1/ptm/m/n/12 Temperatur
 []

LaTeX Font Info:    Trying to load font information for TS1+ptm on input line 6
9.
(/usr/share/texmf-dist/tex/latex/psnfss/ts1ptm.fd
File: ts1ptm.fd 2001/06/04 font definitions for TS1/ptm.
) [21 <./assets/NodeMCU32.jpg>]
File: ./assets/ESP32.jpg Graphic file (type jpg)
<use ./assets/ESP32.jpg>
Package pdftex.def Info: ./assets/ESP32.jpg  used on input line 76.
(pdftex.def)             Requested size: 200.74644pt x 200.74644pt.


Package caption Warning: The option `hypcap=true' will be ignored for this
(caption)                particular \caption on input line 79.
See the caption package documentation for explanation.


Overfull \hbox (3.7057pt too wide) in paragraph at lines 84--84
[]|\OT1/ptm/m/n/12 Konektivitas| 
 []


Underfull \hbox (badness 10000) in paragraph at lines 88--88
[]|\OT1/ptm/m/n/12 Masukan
 []


Underfull \hbox (badness 10000) in paragraph at lines 90--90
[]|\OT1/ptm/m/n/12 Tegangan
 []


Underfull \hbox (badness 10000) in paragraph at lines 92--92
[]|\OT1/ptm/m/n/12 Temperatur
 []

[22]
<./assets/NodeMCU8266.jpg, id=789, 803.0pt x 803.0pt>
File: ./assets/NodeMCU8266.jpg Graphic file (type jpg)
<use ./assets/NodeMCU8266.jpg>
Package pdftex.def Info: ./assets/NodeMCU8266.jpg  used on input line 99.
(pdftex.def)             Requested size: 321.1943pt x 321.1943pt.


Package caption Warning: The option `hypcap=true' will be ignored for this
(caption)                particular \caption on input line 102.
See the caption package documentation for explanation.

[23]
Overfull \hbox (3.7057pt too wide) in paragraph at lines 107--107
[]|\OT1/ptm/m/n/12 Konektivitas| 
 []


Underfull \hbox (badness 10000) in paragraph at lines 111--111
[]|\OT1/ptm/m/n/12 Masukan
 []


Underfull \hbox (badness 10000) in paragraph at lines 113--113
[]|\OT1/ptm/m/n/12 Tegangan
 []


Underfull \hbox (badness 10000) in paragraph at lines 115--115
[]|\OT1/ptm/m/n/12 Temperatur
 []

<./assets/NEO6M.jpg, id=795, 401.5pt x 401.5pt>
File: ./assets/NEO6M.jpg Graphic file (type jpg)
<use ./assets/NEO6M.jpg>
Package pdftex.def Info: ./assets/NEO6M.jpg  used on input line 122.
(pdftex.def)             Requested size: 160.59715pt x 160.59715pt.

Package caption Warning: The option `hypcap=true' will be ignored for this
(caption)                particular \caption on input line 125.
See the caption package documentation for explanation.

[24 <./assets/NodeMCU8266.jpg>]
Underfull \hbox (badness 10000) in paragraph at lines 130--131
\OT1/ptm/m/it/12 (re-a-cqu-i-si-tion)\OT1/ptm/m/n/12 , -147dBm \OT1/ptm/m/it/12
 (co-ld start)\OT1/ptm/m/n/12 , -
 []


Underfull \hbox (badness 10000) in paragraph at lines 132--132
[]|\OT1/ptm/m/n/12 Akurasi
 []


Underfull \hbox (badness 10000) in paragraph at lines 132--132
\OT1/ptm/m/n/12 po-si-si
 []


Underfull \hbox (badness 10000) in paragraph at lines 134--134
[]|\OT1/ptm/m/n/12 Masukan
 []


Underfull \hbox (badness 10000) in paragraph at lines 136--136
[]|\OT1/ptm/m/n/12 Maksimum
 []


Underfull \hbox (badness 10000) in paragraph at lines 138--138
[]|\OT1/ptm/m/n/12 Temperatur
 []

File: ./assets/MJX.jpg Graphic file (type jpg)
<use ./assets/MJX.jpg>
Package pdftex.def Info: ./assets/MJX.jpg  used on input line 146.
(pdftex.def)             Requested size: 160.59715pt x 160.59715pt.

Package caption Warning: The option `hypcap=true' will be ignored for this
(caption)                particular \caption on input line 149.
See the caption package documentation for explanation.

[25 <./assets/NEO6M.jpg>]
Underfull \hbox (badness 10000) in paragraph at lines 156--156
[]|\OT1/ptm/m/n/12 Jarak Re-mo-te
 []

<./assets/FlowchartSenderNew.png, id=809, 1147.28625pt x 655.44875pt>
File: ./assets/FlowchartSenderNew.png Graphic file (type png)
<use ./assets/FlowchartSenderNew.png>
Package pdftex.def Info: ./assets/FlowchartSenderNew.png  used on input line 16
9.
(pdftex.def)             Requested size: 401.5562pt x 229.41049pt.

Overfull \hbox (3.2176pt too wide) in paragraph at lines 169--170
 [][] 
 []

[26] [27 <./assets/FlowchartSenderNew.png>]
<./assets/FlowchartReceiver.png, id=820, 404.712pt x 578.16pt>
File: ./assets/FlowchartReceiver.png Graphic file (type png)
<use ./assets/FlowchartReceiver.png>
Package pdftex.def Info: ./assets/FlowchartReceiver.png  used on input line 187
.
(pdftex.def)             Requested size: 242.82907pt x 346.89867pt.
 [28]
<./assets/FlowchartNetworkTestNew.png, id=829, 691.58376pt x 574.145pt>
File: ./assets/FlowchartNetworkTestNew.png Graphic file (type png)
<use ./assets/FlowchartNetworkTestNew.png>
Package pdftex.def Info: ./assets/FlowchartNetworkTestNew.png  used on input li
ne 196.
(pdftex.def)             Requested size: 345.79103pt x 287.0718pt.
 [29 <./assets/FlowchartReceiver.png>] [30 <./assets/FlowchartNetworkTestNew.pn
g>]) [31]
\openout2 = `./src/bab4.aux'.

 (./src/bab4.tex
Bab IV.
<./assets/PetaNonTerbangN.png, id=851, 736.7525pt x 467.7475pt>
File: ./assets/PetaNonTerbangN.png Graphic file (type png)
<use ./assets/PetaNonTerbangN.png>
Package pdftex.def Info: ./assets/PetaNonTerbangN.png  used on input line 10.
(pdftex.def)             Requested size: 368.37535pt x 233.87317pt.
<./assets/PetaTerbangSatuBTP.png, id=852, 693.59125pt x 522.95375pt>
File: ./assets/PetaTerbangSatuBTP.png Graphic file (type png)
<use ./assets/PetaTerbangSatuBTP.png>
Package pdftex.def Info: ./assets/PetaTerbangSatuBTP.png  used on input line 17
.
(pdftex.def)             Requested size: 346.79477pt x 261.47623pt.
[32




 <./assets/PetaNonTerbangN.png>]
<./assets/PetaTerbangDuaBTP.png, id=861, 693.59125pt x 522.95375pt>
File: ./assets/PetaTerbangDuaBTP.png Graphic file (type png)
<use ./assets/PetaTerbangDuaBTP.png>
Package pdftex.def Info: ./assets/PetaTerbangDuaBTP.png  used on input line 24.

(pdftex.def)             Requested size: 346.79477pt x 261.47623pt.
 [33 <./assets/PetaTerbangSatuBTP.png>]
<./assets/InterferensiLapanganBTP.png, id=868, 1371.1225pt x 748.7975pt>
File: ./assets/InterferensiLapanganBTP.png Graphic file (type png)
<use ./assets/InterferensiLapanganBTP.png>
Package pdftex.def Info: ./assets/InterferensiLapanganBTP.png  used on input li
ne 34.
(pdftex.def)             Requested size: 342.77979pt x 187.19891pt.
<./assets/InterferensiGedungN.png, id=869, 1931.215pt x 1059.96pt>
File: ./assets/InterferensiGedungN.png Graphic file (type png)
<use ./assets/InterferensiGedungN.png>
Package pdftex.def Info: ./assets/InterferensiGedungN.png  used on input line 3
9.
(pdftex.def)             Requested size: 386.23616pt x 211.98824pt.

[34 <./assets/PetaTerbangDuaBTP.png> <./assets/InterferensiLapanganBTP.png>]
<./assets/Pengujian/DroneSenderNew.jpeg, id=877, 4047.12pt x 3035.34pt>
File: ./assets/Pengujian/DroneSenderNew.jpeg Graphic file (type jpg)
<use ./assets/Pengujian/DroneSenderNew.jpeg>
Package pdftex.def Info: ./assets/Pengujian/DroneSenderNew.jpeg  used on input 
line 47.
(pdftex.def)             Requested size: 303.5209pt x 227.64067pt.

[35 <./assets/InterferensiGedungN.png>]
<./assets/Pengujian/DroneReceiver.jpeg, id=883, 4047.12pt x 3035.34pt>
File: ./assets/Pengujian/DroneReceiver.jpeg Graphic file (type jpg)
<use ./assets/Pengujian/DroneReceiver.jpeg>
Package pdftex.def Info: ./assets/Pengujian/DroneReceiver.jpeg  used on input l
ine 54.
(pdftex.def)             Requested size: 303.5209pt x 227.64067pt.
 [36 <./assets/Pengujian/DroneSenderNew.jpeg>]
<./assets/BaseStation.jpeg, id=890, 4047.12pt x 3035.34pt>
File: ./assets/BaseStation.jpeg Graphic file (type jpg)
<use ./assets/BaseStation.jpeg>
Package pdftex.def Info: ./assets/BaseStation.jpeg  used on input line 62.
(pdftex.def)             Requested size: 202.36786pt x 151.7759pt.
 [37 <./assets/Pengujian/DroneReceiver.jpeg>]
Overfull \hbox (2.55447pt too wide) in paragraph at lines 66--67
\OT1/ptm/m/n/12 No-de-MCU ESP8266 di-pa-sang di se-bu-ah \OT1/ptm/m/it/12 bre-a
-dbo-a-rd \OT1/ptm/m/n/12 dan di-hu-bungk-an se-ca-ra UART
 []

<./assets/Pengujian/PengujianGedungN/SenderNode.jpg, id=896, 6022.5pt x 4015.0p
t>
File: ./assets/Pengujian/PengujianGedungN/SenderNode.jpg Graphic file (type jpg
)
<use ./assets/Pengujian/PengujianGedungN/SenderNode.jpg>
Package pdftex.def Info: ./assets/Pengujian/PengujianGedungN/SenderNode.jpg  us
ed on input line 73.
(pdftex.def)             Requested size: 240.85898pt x 160.57265pt.
<./assets/Pengujian/PengujianGedungN/BaseStation.jpg, id=897, 2409.0pt x 1606.0
pt>
File: ./assets/Pengujian/PengujianGedungN/BaseStation.jpg Graphic file (type jp
g)
<use ./assets/Pengujian/PengujianGedungN/BaseStation.jpg>
Package pdftex.def Info: ./assets/Pengujian/PengujianGedungN/BaseStation.jpg  u
sed on input line 76.
(pdftex.def)             Requested size: 240.91411pt x 160.6094pt.
<./assets/Pengujian/PengujianGedungN/FlyingReceiverNode.jpg, id=898, 6022.5pt x
 4015.0pt>
File: ./assets/Pengujian/PengujianGedungN/FlyingReceiverNode.jpg Graphic file (
type jpg)
<use ./assets/Pengujian/PengujianGedungN/FlyingReceiverNode.jpg>
Package pdftex.def Info: ./assets/Pengujian/PengujianGedungN/FlyingReceiverNode
.jpg  used on input line 79.
(pdftex.def)             Requested size: 240.85898pt x 160.57265pt.
[38 <./assets/BaseStation.jpeg>] [39 <./assets/Pengujian/PengujianGedungN/Sende
rNode.JPG> <./assets/Pengujian/PengujianGedungN/BaseStation.JPG> <./assets/Peng
ujian/PengujianGedungN/FlyingReceiverNode.JPG>]
<./assets/Pengujian/PengujianGedungN/LineOfSightDariSender.jpg, id=907, 6022.5p
t x 4015.0pt>
File: ./assets/Pengujian/PengujianGedungN/LineOfSightDariSender.jpg Graphic fil
e (type jpg)
<use ./assets/Pengujian/PengujianGedungN/LineOfSightDariSender.jpg>
Package pdftex.def Info: ./assets/Pengujian/PengujianGedungN/LineOfSightDariSen
der.jpg  used on input line 91.
(pdftex.def)             Requested size: 240.85898pt x 160.57265pt.
<./assets/Pengujian/PengujianGedungN/LineOfSightDariFlyingReceiver.jpg, id=908,
 6022.5pt x 4015.0pt>
File: ./assets/Pengujian/PengujianGedungN/LineOfSightDariFlyingReceiver.jpg Gra
phic file (type jpg)
<use ./assets/Pengujian/PengujianGedungN/LineOfSightDariFlyingReceiver.jpg>
Package pdftex.def Info: ./assets/Pengujian/PengujianGedungN/LineOfSightDariFly
ingReceiver.jpg  used on input line 94.
(pdftex.def)             Requested size: 240.85898pt x 160.57265pt.
<./assets/Pengujian/PengujianGedungN/LineOfSightKeBaseStation.jpg, id=909, 6022
.5pt x 4015.0pt>
File: ./assets/Pengujian/PengujianGedungN/LineOfSightKeBaseStation.jpg Graphic 
file (type jpg)
<use ./assets/Pengujian/PengujianGedungN/LineOfSightKeBaseStation.jpg>
Package pdftex.def Info: ./assets/Pengujian/PengujianGedungN/LineOfSightKeBaseS
tation.jpg  used on input line 97.
(pdftex.def)             Requested size: 240.85898pt x 160.57265pt.
 [40]
<./assets/Pengujian/PengujianSatuDrone/Sender.jpeg, id=915, 3035.34pt x 4047.12
pt>
File: ./assets/Pengujian/PengujianSatuDrone/Sender.jpeg Graphic file (type jpg)

<use ./assets/Pengujian/PengujianSatuDrone/Sender.jpeg>
Package pdftex.def Info: ./assets/Pengujian/PengujianSatuDrone/Sender.jpeg  use
d on input line 103.
(pdftex.def)             Requested size: 151.7759pt x 202.36786pt.
 [41 <./assets/Pengujian/PengujianGedungN/LineOfSightDariSender.JPG> <./assets/
Pengujian/PengujianGedungN/LineOfSightDariFlyingReceiver.JPG> <./assets/Penguji
an/PengujianGedungN/LineOfSightKeBaseStation.JPG>]
<./assets/Pengujian/PengujianSatuDrone/Remote.jpeg, id=920, 4047.12pt x 3035.34
pt>
File: ./assets/Pengujian/PengujianSatuDrone/Remote.jpeg Graphic file (type jpg)

<use ./assets/Pengujian/PengujianSatuDrone/Remote.jpeg>
Package pdftex.def Info: ./assets/Pengujian/PengujianSatuDrone/Remote.jpeg  use
d on input line 111.
(pdftex.def)             Requested size: 202.36786pt x 151.7759pt.
<./assets/Pengujian/PengujianSatuDrone/PenempatanFlyingReceiver.jpeg, id=921, 4
047.12pt x 3035.34pt>
File: ./assets/Pengujian/PengujianSatuDrone/PenempatanFlyingReceiver.jpeg Graph
ic file (type jpg)
<use ./assets/Pengujian/PengujianSatuDrone/PenempatanFlyingReceiver.jpeg>
Package pdftex.def Info: ./assets/Pengujian/PengujianSatuDrone/PenempatanFlying
Receiver.jpeg  used on input line 113.
(pdftex.def)             Requested size: 202.36786pt x 151.7759pt.
 [42 <./assets/Pengujian/PengujianSatuDrone/Sender.jpeg>]
<./assets/Pengujian/PengujianDuaDrone/DuaDrone.jpeg, id=926, 1204.5pt x 1606.0p
t>
File: ./assets/Pengujian/PengujianDuaDrone/DuaDrone.jpeg Graphic file (type jpg
)
<use ./assets/Pengujian/PengujianDuaDrone/DuaDrone.jpeg>
Package pdftex.def Info: ./assets/Pengujian/PengujianDuaDrone/DuaDrone.jpeg  us
ed on input line 121.
(pdftex.def)             Requested size: 180.6672pt x 240.8896pt.
 [43 <./assets/Pengujian/PengujianSatuDrone/Remote.jpeg> <./assets/Pengujian/Pe
ngujianSatuDrone/PenempatanFlyingReceiver.jpeg>]
<./assets/RealisasiSistem/FlyingReceiver/AwalConnect.png, id=931, 663.47874pt x
 332.24126pt>
File: ./assets/RealisasiSistem/FlyingReceiver/AwalConnect.png Graphic file (typ
e png)
<use ./assets/RealisasiSistem/FlyingReceiver/AwalConnect.png>
Package pdftex.def Info: ./assets/RealisasiSistem/FlyingReceiver/AwalConnect.pn
g  used on input line 131.
(pdftex.def)             Requested size: 331.73856pt x 166.12021pt.
<./assets/RealisasiSistem/Sender/KoneksiBaru.png, id=932, 536.0025pt x 143.5362
5pt>
File: ./assets/RealisasiSistem/Sender/KoneksiBaru.png Graphic file (type png)
<use ./assets/RealisasiSistem/Sender/KoneksiBaru.png>
Package pdftex.def Info: ./assets/RealisasiSistem/Sender/KoneksiBaru.png  used 
on input line 136.
(pdftex.def)             Requested size: 268.0006pt x 71.76794pt.
 [44 <./assets/Pengujian/PengujianDuaDrone/DuaDrone.jpeg>]
<./assets/RealisasiSistem/FlyingReceiver/GPSStatusQuery.png, id=937, 702.625pt 
x 95.35625pt>
File: ./assets/RealisasiSistem/FlyingReceiver/GPSStatusQuery.png Graphic file (
type png)
<use ./assets/RealisasiSistem/FlyingReceiver/GPSStatusQuery.png>
Package pdftex.def Info: ./assets/RealisasiSistem/FlyingReceiver/GPSStatusQuery
.png  used on input line 142.
(pdftex.def)             Requested size: 351.31163pt x 47.678pt.
<./assets/RealisasiSistem/Sender/GPSQuery.png, id=938, 578.16pt x 60.225pt>
File: ./assets/RealisasiSistem/Sender/GPSQuery.png Graphic file (type png)
<use ./assets/RealisasiSistem/Sender/GPSQuery.png>
Package pdftex.def Info: ./assets/RealisasiSistem/Sender/GPSQuery.png  used on 
input line 147.
(pdftex.def)             Requested size: 289.07928pt x 30.11241pt.
<./assets/RealisasiSistem/FlyingReceiver/LocationRequest.png, id=939, 702.625pt
 x 95.35625pt>
File: ./assets/RealisasiSistem/FlyingReceiver/LocationRequest.png Graphic file 
(type png)
<use ./assets/RealisasiSistem/FlyingReceiver/LocationRequest.png>
Package pdftex.def Info: ./assets/RealisasiSistem/FlyingReceiver/LocationReques
t.png  used on input line 153.
(pdftex.def)             Requested size: 351.31163pt x 47.678pt.
 [45 <./assets/RealisasiSistem/FlyingReceiver/AwalConnect.png> <./assets/Realis
asiSistem/Sender/KoneksiBaru.png> <./assets/RealisasiSistem/FlyingReceiver/GPSS
tatusQuery.png> <./assets/RealisasiSistem/Sender/GPSQuery.png>]
<./assets/RealisasiSistem/Sender/LocationRequest.png, id=948, 881.2925pt x 64.2
4pt>
File: ./assets/RealisasiSistem/Sender/LocationRequest.png Graphic file (type pn
g)
<use ./assets/RealisasiSistem/Sender/LocationRequest.png>
Package pdftex.def Info: ./assets/RealisasiSistem/Sender/LocationRequest.png  u
sed on input line 158.
(pdftex.def)             Requested size: 440.64517pt x 32.11992pt.

Overfull \hbox (42.30658pt too wide) in paragraph at lines 158--159
 [][] 
 []

<./assets/RealisasiSistem/FlyingReceiver/DataLokasi.png, id=949, 1001.7425pt x 
249.93375pt>
File: ./assets/RealisasiSistem/FlyingReceiver/DataLokasi.png Graphic file (type
 png)
<use ./assets/RealisasiSistem/FlyingReceiver/DataLokasi.png>
Package pdftex.def Info: ./assets/RealisasiSistem/FlyingReceiver/DataLokasi.png
  used on input line 164.
(pdftex.def)             Requested size: 500.87003pt x 124.96657pt.

Overfull \hbox (102.53143pt too wide) in paragraph at lines 164--165
 [][] 
 []

<./assets/RealisasiSistem/BaseStation/TampilanWebPageAwal.png, id=950, 634.37pt
 x 254.9525pt>
File: ./assets/RealisasiSistem/BaseStation/TampilanWebPageAwal.png Graphic file
 (type png)
<use ./assets/RealisasiSistem/BaseStation/TampilanWebPageAwal.png>
Package pdftex.def Info: ./assets/RealisasiSistem/BaseStation/TampilanWebPageAw
al.png  used on input line 169.
(pdftex.def)             Requested size: 317.18422pt x 127.47592pt.
<./assets/RealisasiSistem/BaseStation/TampilanWebPageGPSReady.png, id=951, 617.
30624pt x 144.54pt>
File: ./assets/RealisasiSistem/BaseStation/TampilanWebPageGPSReady.png Graphic 
file (type png)
<use ./assets/RealisasiSistem/BaseStation/TampilanWebPageGPSReady.png>
Package pdftex.def Info: ./assets/RealisasiSistem/BaseStation/TampilanWebPageGP
SReady.png  used on input line 174.
(pdftex.def)             Requested size: 308.65236pt x 72.2698pt.
[46 <./assets/RealisasiSistem/FlyingReceiver/LocationRequest.png> <./assets/Rea
lisasiSistem/Sender/LocationRequest.png> <./assets/RealisasiSistem/FlyingReceiv
er/DataLokasi.png> <./assets/RealisasiSistem/BaseStation/TampilanWebPageAwal.pn
g>]
<./assets/Graphs/2Fly/Throughput-Time.png, id=961, 607.26875pt x 342.27875pt>
File: ./assets/Graphs/2Fly/Throughput-Time.png Graphic file (type png)
<use ./assets/Graphs/2Fly/Throughput-Time.png>
Package pdftex.def Info: ./assets/Graphs/2Fly/Throughput-Time.png  used on inpu
t line 181.
(pdftex.def)             Requested size: 425.08524pt x 239.59348pt.

Overfull \hbox (26.74664pt too wide) in paragraph at lines 181--182
 [][] 
 []

[47 <./assets/RealisasiSistem/BaseStation/TampilanWebPageGPSReady.png> <./asset
s/Graphs/2Fly/Throughput-Time.png>]
<./assets/Graphs/2Fly/Throughput-RSSI.png, id=968, 607.26875pt x 342.27875pt>
File: ./assets/Graphs/2Fly/Throughput-RSSI.png Graphic file (type png)
<use ./assets/Graphs/2Fly/Throughput-RSSI.png>
Package pdftex.def Info: ./assets/Graphs/2Fly/Throughput-RSSI.png  used on inpu
t line 190.
(pdftex.def)             Requested size: 425.08524pt x 239.59348pt.

Overfull \hbox (26.74664pt too wide) in paragraph at lines 190--191
 [][] 
 []

<./assets/Graphs/2Fly/Delay-RSSI.png, id=969, 608.2725pt x 342.27875pt>
File: ./assets/Graphs/2Fly/Delay-RSSI.png Graphic file (type png)
<use ./assets/Graphs/2Fly/Delay-RSSI.png>
Package pdftex.def Info: ./assets/Graphs/2Fly/Delay-RSSI.png  used on input lin
e 197.
(pdftex.def)             Requested size: 425.78786pt x 239.59348pt.

Overfull \hbox (27.44926pt too wide) in paragraph at lines 197--198
 [][] 
 []

[48 <./assets/Graphs/2Fly/Throughput-RSSI.png>]
<./assets/Graphs/2Fly/PacketLoss-Time.png, id=975, 608.2725pt x 342.27875pt>
File: ./assets/Graphs/2Fly/PacketLoss-Time.png Graphic file (type png)
<use ./assets/Graphs/2Fly/PacketLoss-Time.png>
Package pdftex.def Info: ./assets/Graphs/2Fly/PacketLoss-Time.png  used on inpu
t line 203.
(pdftex.def)             Requested size: 425.78786pt x 239.59348pt.

Overfull \hbox (27.44926pt too wide) in paragraph at lines 203--204
 [][] 
 []

[49 <./assets/Graphs/2Fly/Delay-RSSI.png> <./assets/Graphs/2Fly/PacketLoss-Time
.png>]
<./assets/Graphs/NoFly_LR/Throughput-Time.png, id=982, 608.2725pt x 342.27875pt
>
File: ./assets/Graphs/NoFly_LR/Throughput-Time.png Graphic file (type png)
<use ./assets/Graphs/NoFly_LR/Throughput-Time.png>
Package pdftex.def Info: ./assets/Graphs/NoFly_LR/Throughput-Time.png  used on 
input line 213.
(pdftex.def)             Requested size: 425.78786pt x 239.59348pt.

Overfull \hbox (27.44926pt too wide) in paragraph at lines 213--214
 [][] 
 []

<./assets/Graphs/NoFly_LR/Throughput-Nodes.png, id=983, 608.2725pt x 342.27875p
t>
File: ./assets/Graphs/NoFly_LR/Throughput-Nodes.png Graphic file (type png)
<use ./assets/Graphs/NoFly_LR/Throughput-Nodes.png>
Package pdftex.def Info: ./assets/Graphs/NoFly_LR/Throughput-Nodes.png  used on
 input line 219.
(pdftex.def)             Requested size: 425.78786pt x 239.59348pt.

Overfull \hbox (27.44926pt too wide) in paragraph at lines 219--220
 [][] 
 []

[50 <./assets/Graphs/NoFly_LR/Throughput-Time.png>]
<./assets/Graphs/NoFly_LR/Throughput-RSSI.png, id=990, 608.2725pt x 342.27875pt
>
File: ./assets/Graphs/NoFly_LR/Throughput-RSSI.png Graphic file (type png)
<use ./assets/Graphs/NoFly_LR/Throughput-RSSI.png>
Package pdftex.def Info: ./assets/Graphs/NoFly_LR/Throughput-RSSI.png  used on 
input line 225.
(pdftex.def)             Requested size: 425.78786pt x 239.59348pt.

Overfull \hbox (27.44926pt too wide) in paragraph at lines 225--226
 [][] 
 []

<./assets/Graphs/NoFly_LR/Delay-Time.png, id=991, 607.26875pt x 342.27875pt>
File: ./assets/Graphs/NoFly_LR/Delay-Time.png Graphic file (type png)
<use ./assets/Graphs/NoFly_LR/Delay-Time.png>
Package pdftex.def Info: ./assets/Graphs/NoFly_LR/Delay-Time.png  used on input
 line 231.
(pdftex.def)             Requested size: 425.08524pt x 239.59348pt.

Overfull \hbox (26.74664pt too wide) in paragraph at lines 231--232
 [][] 
 []

[51 <./assets/Graphs/NoFly_LR/Throughput-Nodes.png> <./assets/Graphs/NoFly_LR/T
hroughput-RSSI.png>]
<./assets/Graphs/NoFly_LR/Delay-Nodes.png, id=999, 607.26875pt x 342.27875pt>
File: ./assets/Graphs/NoFly_LR/Delay-Nodes.png Graphic file (type png)
<use ./assets/Graphs/NoFly_LR/Delay-Nodes.png>
Package pdftex.def Info: ./assets/Graphs/NoFly_LR/Delay-Nodes.png  used on inpu
t line 237.
(pdftex.def)             Requested size: 425.08524pt x 239.59348pt.

Overfull \hbox (26.74664pt too wide) in paragraph at lines 237--238
 [][] 
 []

[52 <./assets/Graphs/NoFly_LR/Delay-Time.png>]
<./assets/Graphs/NoFly_LR/Delay-RSSI.png, id=1006, 534.99875pt x 317.185pt>
File: ./assets/Graphs/NoFly_LR/Delay-RSSI.png Graphic file (type png)
<use ./assets/Graphs/NoFly_LR/Delay-RSSI.png>
Package pdftex.def Info: ./assets/Graphs/NoFly_LR/Delay-RSSI.png  used on input
 line 243.
(pdftex.def)             Requested size: 374.49657pt x 222.02797pt.
<./assets/Graphs/NoFly_LR/PacketLoss-Time.png, id=1007, 607.26875pt x 342.27875
pt>
File: ./assets/Graphs/NoFly_LR/PacketLoss-Time.png Graphic file (type png)
<use ./assets/Graphs/NoFly_LR/PacketLoss-Time.png>
Package pdftex.def Info: ./assets/Graphs/NoFly_LR/PacketLoss-Time.png  used on 
input line 249.
(pdftex.def)             Requested size: 425.08524pt x 239.59348pt.

Overfull \hbox (26.74664pt too wide) in paragraph at lines 249--250
 [][] 
 []

[53 <./assets/Graphs/NoFly_LR/Delay-Nodes.png> <./assets/Graphs/NoFly_LR/Delay-
RSSI.png>]
<./assets/Graphs/NoFly_11N/Throughput-Time.png, id=1014, 607.26875pt x 342.2787
5pt>
File: ./assets/Graphs/NoFly_11N/Throughput-Time.png Graphic file (type png)
<use ./assets/Graphs/NoFly_11N/Throughput-Time.png>
Package pdftex.def Info: ./assets/Graphs/NoFly_11N/Throughput-Time.png  used on
 input line 257.
(pdftex.def)             Requested size: 425.08524pt x 239.59348pt.

Overfull \hbox (26.74664pt too wide) in paragraph at lines 257--258
 [][] 
 []

<./assets/Graphs/NoFly_11N/Throughput-RSSI.png, id=1015, 607.26875pt x 342.2787
5pt>
File: ./assets/Graphs/NoFly_11N/Throughput-RSSI.png Graphic file (type png)
<use ./assets/Graphs/NoFly_11N/Throughput-RSSI.png>
Package pdftex.def Info: ./assets/Graphs/NoFly_11N/Throughput-RSSI.png  used on
 input line 263.
(pdftex.def)             Requested size: 425.08524pt x 239.59348pt.

Overfull \hbox (26.74664pt too wide) in paragraph at lines 263--264
 [][] 
 []

[54 <./assets/Graphs/NoFly_LR/PacketLoss-Time.png> <./assets/Graphs/NoFly_11N/T
hroughput-Time.png>]
<./assets/Graphs/NoFly_11N/Delay-Time.png, id=1023, 607.26875pt x 342.27875pt>
File: ./assets/Graphs/NoFly_11N/Delay-Time.png Graphic file (type png)
<use ./assets/Graphs/NoFly_11N/Delay-Time.png>
Package pdftex.def Info: ./assets/Graphs/NoFly_11N/Delay-Time.png  used on inpu
t line 269.
(pdftex.def)             Requested size: 425.08524pt x 239.59348pt.

Overfull \hbox (26.74664pt too wide) in paragraph at lines 269--270
 [][] 
 []

[55 <./assets/Graphs/NoFly_11N/Throughput-RSSI.png>]
<./assets/Graphs/NoFly_11N/Delay-RSSI.png, id=1029, 527.9725pt x 385.44pt>
File: ./assets/Graphs/NoFly_11N/Delay-RSSI.png Graphic file (type png)
<use ./assets/Graphs/NoFly_11N/Delay-RSSI.png>
Package pdftex.def Info: ./assets/Graphs/NoFly_11N/Delay-RSSI.png  used on inpu
t line 275.
(pdftex.def)             Requested size: 369.57823pt x 269.80615pt.
<./assets/Graphs/NoFly_11N/PacketLoss-Time.png, id=1030, 607.26875pt x 342.2787
5pt>
File: ./assets/Graphs/NoFly_11N/PacketLoss-Time.png Graphic file (type png)
<use ./assets/Graphs/NoFly_11N/PacketLoss-Time.png>
Package pdftex.def Info: ./assets/Graphs/NoFly_11N/PacketLoss-Time.png  used on
 input line 281.
(pdftex.def)             Requested size: 425.08524pt x 239.59348pt.

Overfull \hbox (26.74664pt too wide) in paragraph at lines 281--282
 [][] 
 []

[56 <./assets/Graphs/NoFly_11N/Delay-Time.png> <./assets/Graphs/NoFly_11N/Delay
-RSSI.png>]
<./assets/Graphs/1Fly_LR/Throughput-Time.png, id=1037, 607.26875pt x 342.27875p
t>
File: ./assets/Graphs/1Fly_LR/Throughput-Time.png Graphic file (type png)
<use ./assets/Graphs/1Fly_LR/Throughput-Time.png>
Package pdftex.def Info: ./assets/Graphs/1Fly_LR/Throughput-Time.png  used on i
nput line 290.
(pdftex.def)             Requested size: 425.08524pt x 239.59348pt.

Overfull \hbox (26.74664pt too wide) in paragraph at lines 290--291
 [][] 
 []

[57 <./assets/Graphs/NoFly_11N/PacketLoss-Time.png>]
<./assets/Graphs/1Fly_LR/Throughput-RSSI.png, id=1043, 607.26875pt x 342.27875p
t>
File: ./assets/Graphs/1Fly_LR/Throughput-RSSI.png Graphic file (type png)
<use ./assets/Graphs/1Fly_LR/Throughput-RSSI.png>
Package pdftex.def Info: ./assets/Graphs/1Fly_LR/Throughput-RSSI.png  used on i
nput line 296.
(pdftex.def)             Requested size: 425.08524pt x 239.59348pt.

Overfull \hbox (26.74664pt too wide) in paragraph at lines 296--297
 [][] 
 []

[58 <./assets/Graphs/1Fly_LR/Throughput-Time.png>]
<./assets/Graphs/1Fly_LR/Delay-Time.png, id=1051, 608.2725pt x 342.27875pt>
File: ./assets/Graphs/1Fly_LR/Delay-Time.png Graphic file (type png)
<use ./assets/Graphs/1Fly_LR/Delay-Time.png>
Package pdftex.def Info: ./assets/Graphs/1Fly_LR/Delay-Time.png  used on input 
line 302.
(pdftex.def)             Requested size: 425.78786pt x 239.59348pt.

Overfull \hbox (27.44926pt too wide) in paragraph at lines 302--303
 [][] 
 []

<./assets/Graphs/1Fly_LR/Delay-RSSI.png, id=1052, 608.2725pt x 342.27875pt>
File: ./assets/Graphs/1Fly_LR/Delay-RSSI.png Graphic file (type png)
<use ./assets/Graphs/1Fly_LR/Delay-RSSI.png>
Package pdftex.def Info: ./assets/Graphs/1Fly_LR/Delay-RSSI.png  used on input 
line 308.
(pdftex.def)             Requested size: 425.78786pt x 239.59348pt.

Overfull \hbox (27.44926pt too wide) in paragraph at lines 308--309
 [][] 
 []

[59 <./assets/Graphs/1Fly_LR/Throughput-RSSI.png> <./assets/Graphs/1Fly_LR/Dela
y-Time.png>]
<./assets/Graphs/1Fly_LR/PacketLoss-Time.png, id=1059, 608.2725pt x 342.27875pt
>
File: ./assets/Graphs/1Fly_LR/PacketLoss-Time.png Graphic file (type png)
<use ./assets/Graphs/1Fly_LR/PacketLoss-Time.png>
Package pdftex.def Info: ./assets/Graphs/1Fly_LR/PacketLoss-Time.png  used on i
nput line 314.
(pdftex.def)             Requested size: 425.78786pt x 239.59348pt.

Overfull \hbox (27.44926pt too wide) in paragraph at lines 314--315
 [][] 
 []

[60 <./assets/Graphs/1Fly_LR/Delay-RSSI.png> <./assets/Graphs/1Fly_LR/PacketLos
s-Time.png>]
<./assets/Graphs/1Fly_11N/Throughput-Time.png, id=1066, 608.2725pt x 342.27875p
t>
File: ./assets/Graphs/1Fly_11N/Throughput-Time.png Graphic file (type png)
<use ./assets/Graphs/1Fly_11N/Throughput-Time.png>
Package pdftex.def Info: ./assets/Graphs/1Fly_11N/Throughput-Time.png  used on 
input line 322.
(pdftex.def)             Requested size: 425.78786pt x 239.59348pt.

Overfull \hbox (27.44926pt too wide) in paragraph at lines 322--323
 [][] 
 []

<./assets/Graphs/1Fly_11N/Delay-Time.png, id=1067, 608.2725pt x 342.27875pt>
File: ./assets/Graphs/1Fly_11N/Delay-Time.png Graphic file (type png)
<use ./assets/Graphs/1Fly_11N/Delay-Time.png>
Package pdftex.def Info: ./assets/Graphs/1Fly_11N/Delay-Time.png  used on input
 line 328.
(pdftex.def)             Requested size: 425.78786pt x 239.59348pt.

Overfull \hbox (27.44926pt too wide) in paragraph at lines 328--329
 [][] 
 []

[61 <./assets/Graphs/1Fly_11N/Throughput-Time.png>]
<./assets/Graphs/GabunganThroughput.png, id=1074, 607.26875pt x 342.27875pt>
File: ./assets/Graphs/GabunganThroughput.png Graphic file (type png)
<use ./assets/Graphs/GabunganThroughput.png>
Package pdftex.def Info: ./assets/Graphs/GabunganThroughput.png  used on input 
line 336.
(pdftex.def)             Requested size: 425.08524pt x 239.59348pt.

Overfull \hbox (26.74664pt too wide) in paragraph at lines 336--337
 [][] 
 []

<./assets/Graphs/GabunganDelay.png, id=1075, 607.26875pt x 342.27875pt>
File: ./assets/Graphs/GabunganDelay.png Graphic file (type png)
<use ./assets/Graphs/GabunganDelay.png>
Package pdftex.def Info: ./assets/Graphs/GabunganDelay.png  used on input line 
341.
(pdftex.def)             Requested size: 425.08524pt x 239.59348pt.

Overfull \hbox (26.74664pt too wide) in paragraph at lines 341--342
 [][] 
 []

[62 <./assets/Graphs/1Fly_11N/Delay-Time.png> <./assets/Graphs/GabunganThroughp
ut.png>]

Package caption Warning: The option `hypcap=true' will be ignored for this
(caption)                particular \caption on input line 346.
See the caption package documentation for explanation.

[63 <./assets/Graphs/GabunganDelay.png>]) [64]
\openout2 = `./src/bab5.aux'.

 (./src/bab5.tex
Bab V.

Overfull \hbox (2.96156pt too wide) in paragraph at lines 5--6
[]\OT1/ptm/m/n/12 Board-board ESP32 da-pat mem-bu-at se-bu-ah ja-ring-an me-sh 
yang mam-pu meng-
 []

[65




]) [66] (/usr/share/texmf-dist/tex/generic/babel/locale/en/babel-english.tex
Package babel Info: Importing basic data for english
(babel)             from babel-en.ini. Reported on input line 11.
)
Overfull \hbox (4.91504pt too wide) in paragraph at lines 78--78
[]\OT1/ptm/m/n/12 C. Shi-man-ski, \OT1/ptm/m/it/12 Risks in Moun-tain Res-cue\O
T1/ptm/m/n/12 . Moun-tain Res-cue As-so-ci-a-tion, 2008. 
 []


Overfull \hbox (95.95395pt too wide) in paragraph at lines 78--78
[]\OT1/ptm/m/it/12 Drones for Search and Res-cue | Learn How and Why They are U
sed\OT1/ptm/m/n/12 , https://flytnow.com/drones-
 []


Overfull \hbox (158.13545pt too wide) in paragraph at lines 78--78
[]\OT1/ptm/m/it/12 Precision of co-or-di-nates - Open-StreetMap Wiki\OT1/ptm/m/
n/12 , https://wiki.openstreetmap.org/wiki/Precision[]of[]coordinates. 
 []

[67



]
Overfull \hbox (90.41301pt too wide) in paragraph at lines 78--78
\OT1/ptm/m/n/12 able: []$\OT1/pcr/m/n/12 https : / / libgen . fun / book / inde
x . php ? md5 = 101ea841867848bb45e62ad5e4ab4071$[]\OT1/ptm/m/n/12 . 
 []


Overfull \hbox (16.07364pt too wide) in paragraph at lines 78--78
[]\OT1/ptm/m/n/12 B. A. Forouzan, \OT1/ptm/m/it/12 Data Com-mu-ni-ca-tions and 
Net-work-ing \OT1/ptm/m/n/12 (McGraw-Hill Forouzan
 []


Overfull \hbox (94.21237pt too wide) in paragraph at lines 78--78
\OT1/ptm/m/n/12 Net-work-ing), 4th ed. McGraw-Hill Higher Ed-u-ca-tion, 2007, \
OT1/ptm/m/sc/12 isbn\OT1/ptm/m/n/12 : 9780072967753,0072967757.
 []


Overfull \hbox (14.97325pt too wide) in paragraph at lines 78--78
\OT1/ptm/m/n/12 able: []$\OT1/pcr/m/n/12 https : / / learn . adafruit . com / a
lltheiot -[] transports / bluetooth -[]
 []


Overfull \hbox (19.06613pt too wide) in paragraph at lines 78--78
\OT1/ptm/m/n/12 [On-line]. Avail-able: []$\OT1/pcr/m/n/12 https : / / www . coa
i . com / indian -[] telecom -[] infocentre /
 []


Overfull \hbox (37.34337pt too wide) in paragraph at lines 78--78
\OT1/ptm/m/it/12 tion\OT1/ptm/m/n/12 , https://docs.espressif.com/projects/esp-
idf/en/latest/esp32/api-guides/wifi.html. 
 []


Overfull \hbox (71.51953pt too wide) in paragraph at lines 78--78
[]\OT1/ptm/m/it/12 Home $\OMS/pzccm/m/n/12 ^^A$ \OT1/ptm/m/it/12 Wiki $\OMS/pzc
cm/m/n/12 ^^A$ \OT1/ptm/m/it/12 painlessMesh / painlessMesh\OT1/ptm/m/n/12 , ht
tps://gitlab.com/painlessMesh/painlessMesh/-
 []


Overfull \hbox (111.26309pt too wide) in paragraph at lines 78--78
[]\OT1/ptm/m/it/12 Mesh pro-to-col $\OMS/pzccm/m/n/12 ^^A$ \OT1/ptm/m/it/12 Wik
i $\OMS/pzccm/m/n/12 ^^A$ \OT1/ptm/m/it/12 painlessMesh / painlessMesh\OT1/ptm/
m/n/12 , https://gitlab.com/painlessMesh/painlessMesh/-
 []

[68] [69] (./main.aux (./src/cover.aux) (./src/pengesahan.aux)
(./src/orisinalitas.aux) (./src/abstrak.aux) (./src/abstract.aux)
(./src/katapengantar.aux) (./src/ucapanterimakasih.aux) (./src/daftarisi.aux)
(./src/daftargambar.aux) (./src/daftartabel.aux) (./src/daftarsingkatan.aux)
(./src/bab1.aux) (./src/bab2new.aux) (./src/bab3.aux) (./src/bab4.aux)
(./src/bab5.aux))

LaTeX Warning: There were undefined references.

Package rerunfilecheck Info: File `main.out' has not changed.
(rerunfilecheck)             Checksum: F5134C1194C010B081FC21F8363C147B;10971.

Package biblatex Warning: Please rerun LaTeX.

Package logreq Info: Writing requests to 'main.run.xml'.
\openout1 = `main.run.xml'.

 ) 
Here is how much of TeX's memory you used:
 25369 strings out of 478238
 468501 string characters out of 5850456
 1177299 words of memory out of 5000000
 42758 multiletter control sequences out of 15000+600000
 502798 words of font info for 89 fonts, out of 8000000 for 9000
 1141 hyphenation exceptions out of 8191
 65i,16n,71p,1808b,1741s stack positions out of 5000i,500n,10000p,200000b,80000s
{/usr/share/texmf-dist/fonts/enc/dvips/base/8r.enc}</usr/share/texmf-dist/fon
ts/type1/public/amsfonts/cm/cmmi10.pfb></usr/share/texmf-dist/fonts/type1/publi
c/amsfonts/cm/cmr10.pfb></usr/share/texmf-dist/fonts/type1/public/amsfonts/cm/c
msy10.pfb></usr/share/texmf-dist/fonts/type1/urw/courier/ucrr8a.pfb></usr/share
/texmf-dist/fonts/type1/urw/times/utmb8a.pfb></usr/share/texmf-dist/fonts/type1
/urw/times/utmbi8a.pfb></usr/share/texmf-dist/fonts/type1/urw/times/utmr8a.pfb>
</usr/share/texmf-dist/fonts/type1/urw/times/utmri8a.pfb>
Output written on main.pdf (84 pages, 35042948 bytes).
PDF statistics:
 1260 PDF objects out of 1440 (max. 8388607)
 1024 compressed objects within 11 object streams
 317 named destinations out of 1000 (max. 500000)
 905 words of extra memory for PDF output out of 10000 (max. 10000000)

